23:39:15 15.09.2015 INFO  SQL_Statement  setUpBeforeClass:61 - Connected to database!
23:39:16 15.09.2015 INFO  TestUserDAO  testUpdateUser:132 - test update user
23:39:16 15.09.2015 ERROR UserDAOImpl  create:50 - You not enter nickname, e-mail or role
23:39:16 15.09.2015 INFO  TestUserDAO  testGetByNickName:180 - test get by nickname
23:39:16 15.09.2015 INFO  TestUserDAO  testCreateUser:82 - test create user
23:39:16 15.09.2015 INFO  TestUserDAO  testDeleteUser:143 - test delete user
23:39:17 15.09.2015 INFO  TestUserDAO  testGetAll:155 - test get all
01:05:31 16.09.2015 INFO  SQL_Statement  setUpBeforeClass:61 - Connected to database!
01:05:31 16.09.2015 INFO  TestTagDAO  testCreateFromRecord:119 - test create from record
01:05:31 16.09.2015 INFO  TestTagDAO  testReadByKey:144 - test read by key
01:05:31 16.09.2015 INFO  TestTagDAO  testDeleteFromtagRecord:164 - test delete from tag_record
01:05:31 16.09.2015 INFO  TestTagDAO  testGetListTagsByPrefix:195 - test get list tags by prefix
01:05:31 16.09.2015 INFO  TestTagDAO  testGetListTagsBySuffix:204 - test get list tags by suffix
01:05:31 16.09.2015 INFO  TestTagDAO  testCheckIfTagAlreadyExist:131 - test check if tag already exist
01:05:31 16.09.2015 INFO  TestTagDAO  testDeleteTag:174 - test delete tag
01:05:32 16.09.2015 WARN  TagDAOImpl  create:53 - Tag already exist
01:05:32 16.09.2015 INFO  TestTagDAO  testCreateTag:81 - test create tag
01:05:32 16.09.2015 INFO  TestTagDAO  testGetAll:212 - test get all
01:05:32 16.09.2015 INFO  TestTagDAO  testGetListRecordByTag:221 - test get list record by tag
01:05:32 16.09.2015 INFO  TestTagDAO  testCheckIfRecordHasTag:186 - test check if record has tag
01:05:32 16.09.2015 INFO  TestTagDAO  testGetTagByMessage:56 - test get tag by message
01:05:45 16.09.2015 INFO  SQL_Statement  setUpBeforeClass:61 - Connected to database!
01:05:45 16.09.2015 DEBUG RecordDAOImpl  create:36 - creating record
01:05:45 16.09.2015 DEBUG RecordDAOImpl  create:54 - record created
01:05:45 16.09.2015 INFO  TestRecordDAO  testCreateRecord:83 - Test create record
01:05:45 16.09.2015 DEBUG RecordDAOImpl  create:36 - creating record
01:05:45 16.09.2015 DEBUG RecordDAOImpl  create:54 - record created
01:05:45 16.09.2015 DEBUG RecordDAOImpl  delete:99 - deleting record
01:05:45 16.09.2015 DEBUG RecordDAOImpl  delete:117 - record deleted
01:05:45 16.09.2015 INFO  TestRecordDAO  TestDeleteRecord:149 - test delete record
01:05:46 16.09.2015 DEBUG RecordDAOImpl  update:78 - updating record
01:05:46 16.09.2015 DEBUG RecordDAOImpl  update:92 - record updated
01:05:46 16.09.2015 INFO  TestRecordDAO  testUpdateRecord:129 - test update record
01:05:46 16.09.2015 INFO  TestRecordDAO  testGetAll:137 - test get all
01:05:46 16.09.2015 INFO  SQL_Statement  setUpBeforeClass:61 - Connected to database!
01:05:46 16.09.2015 INFO  TestTagDAO  testCreateFromRecord:119 - test create from record
01:05:46 16.09.2015 INFO  TestTagDAO  testReadByKey:144 - test read by key
01:05:46 16.09.2015 INFO  TestTagDAO  testDeleteFromtagRecord:164 - test delete from tag_record
01:05:46 16.09.2015 INFO  TestTagDAO  testGetListTagsByPrefix:195 - test get list tags by prefix
01:05:46 16.09.2015 INFO  TestTagDAO  testGetListTagsBySuffix:204 - test get list tags by suffix
01:05:46 16.09.2015 INFO  TestTagDAO  testCheckIfTagAlreadyExist:131 - test check if tag already exist
01:05:46 16.09.2015 INFO  TestTagDAO  testDeleteTag:174 - test delete tag
01:05:46 16.09.2015 WARN  TagDAOImpl  create:53 - Tag already exist
01:05:46 16.09.2015 INFO  TestTagDAO  testCreateTag:81 - test create tag
01:05:46 16.09.2015 INFO  TestTagDAO  testGetAll:212 - test get all
01:05:46 16.09.2015 INFO  TestTagDAO  testGetListRecordByTag:221 - test get list record by tag
01:05:46 16.09.2015 INFO  TestTagDAO  testCheckIfRecordHasTag:186 - test check if record has tag
01:05:46 16.09.2015 INFO  TestTagDAO  testGetTagByMessage:56 - test get tag by message
01:05:47 16.09.2015 INFO  SQL_Statement  setUpBeforeClass:61 - Connected to database!
01:05:47 16.09.2015 DEBUG RoleDAOImpl  update:66 - updating role
01:05:47 16.09.2015 DEBUG RoleDAOImpl  update:73 - role updated
01:05:47 16.09.2015 INFO  TestRoleDAO  testUpdateRole:93 - test update role
01:05:47 16.09.2015 DEBUG RoleDAOImpl  create:34 - Creating role
01:05:47 16.09.2015 DEBUG RoleDAOImpl  create:40 - Role created
01:05:47 16.09.2015 INFO  TestRoleDAO  testCreateRole:59 - Test create role
01:05:47 16.09.2015 DEBUG RoleDAOImpl  delete:81 - deleting role
13:02:30 16.09.2015 INFO  SQL_Statement  setUpBeforeClass:61 - Connected to database!
13:02:30 16.09.2015 DEBUG RecordDAOImpl  create:36 - creating record
13:02:30 16.09.2015 DEBUG RecordDAOImpl  create:54 - record created
13:02:30 16.09.2015 INFO  TestRecordDAO  testCreateRecord:83 - Test create record
13:02:30 16.09.2015 DEBUG RecordDAOImpl  create:36 - creating record
13:02:30 16.09.2015 DEBUG RecordDAOImpl  create:54 - record created
13:02:30 16.09.2015 DEBUG RecordDAOImpl  delete:99 - deleting record
13:02:30 16.09.2015 DEBUG RecordDAOImpl  delete:117 - record deleted
13:02:30 16.09.2015 INFO  TestRecordDAO  TestDeleteRecord:149 - test delete record
13:02:30 16.09.2015 DEBUG RecordDAOImpl  update:78 - updating record
13:02:30 16.09.2015 DEBUG RecordDAOImpl  update:92 - record updated
13:02:30 16.09.2015 INFO  TestRecordDAO  testUpdateRecord:129 - test update record
13:02:30 16.09.2015 INFO  TestRecordDAO  testGetAll:137 - test get all
13:02:31 16.09.2015 INFO  SQL_Statement  setUpBeforeClass:61 - Connected to database!
13:02:31 16.09.2015 INFO  TestTagDAO  testCreateFromRecord:119 - test create from record
13:02:31 16.09.2015 INFO  TestTagDAO  testReadByKey:144 - test read by key
13:02:31 16.09.2015 INFO  TestTagDAO  testDeleteFromtagRecord:164 - test delete from tag_record
13:02:31 16.09.2015 INFO  TestTagDAO  testGetListTagsByPrefix:195 - test get list tags by prefix
13:02:31 16.09.2015 INFO  TestTagDAO  testGetListTagsBySuffix:204 - test get list tags by suffix
13:02:31 16.09.2015 INFO  TestTagDAO  testCheckIfTagAlreadyExist:131 - test check if tag already exist
13:02:31 16.09.2015 INFO  TestTagDAO  testDeleteTag:174 - test delete tag
13:02:31 16.09.2015 WARN  TagDAOImpl  create:53 - Tag already exist
13:02:31 16.09.2015 INFO  TestTagDAO  testCreateTag:81 - test create tag
13:02:31 16.09.2015 INFO  TestTagDAO  testGetAll:212 - test get all
13:02:31 16.09.2015 INFO  TestTagDAO  testGetListRecordByTag:221 - test get list record by tag
13:02:31 16.09.2015 INFO  TestTagDAO  testCheckIfRecordHasTag:186 - test check if record has tag
13:02:31 16.09.2015 INFO  TestTagDAO  testGetTagByMessage:56 - test get tag by message
13:02:32 16.09.2015 INFO  SQL_Statement  setUpBeforeClass:61 - Connected to database!
13:02:32 16.09.2015 DEBUG RoleDAOImpl  update:66 - updating role
13:02:32 16.09.2015 DEBUG RoleDAOImpl  update:73 - role updated
13:02:32 16.09.2015 INFO  TestRoleDAO  testUpdateRole:93 - test update role
13:02:32 16.09.2015 DEBUG RoleDAOImpl  create:34 - Creating role
13:02:32 16.09.2015 DEBUG RoleDAOImpl  create:40 - Role created
13:02:32 16.09.2015 INFO  TestRoleDAO  testCreateRole:59 - Test create role
13:02:32 16.09.2015 DEBUG RoleDAOImpl  delete:81 - deleting role
13:02:32 16.09.2015 DEBUG RoleDAOImpl  delete:87 - role deleted
13:02:32 16.09.2015 DEBUG RoleDAOImpl  readByKey:49 - read by key
13:02:32 16.09.2015 INFO  TestRoleDAO  testDeleteRole:129 - test delete role
13:02:32 16.09.2015 DEBUG RoleDAOImpl  create:34 - Creating role
13:02:32 16.09.2015 DEBUG RoleDAOImpl  create:40 - Role created
13:02:32 16.09.2015 DEBUG RoleDAOImpl  getAll:95 - Get all role records
13:02:32 16.09.2015 INFO  TestRoleDAO  testGetAll:140 - test getAll
13:02:33 16.09.2015 INFO  SQL_Statement  setUpBeforeClass:61 - Connected to database!
13:02:33 16.09.2015 INFO  TestUserDAO  testUpdateUser:132 - test update user
13:02:33 16.09.2015 ERROR UserDAOImpl  create:50 - You not enter nickname, e-mail or role
13:02:33 16.09.2015 INFO  TestUserDAO  testGetByNickName:180 - test get by nickname
13:02:33 16.09.2015 INFO  TestUserDAO  testCreateUser:82 - test create user
13:02:33 16.09.2015 INFO  TestUserDAO  testDeleteUser:143 - test delete user
13:02:33 16.09.2015 INFO  TestUserDAO  testGetAll:155 - test get all
13:02:34 16.09.2015 INFO  SQL_Statement  setUpBeforeClass:61 - Connected to database!
13:02:34 16.09.2015 DEBUG AddressDAOImpl  create:24 - Creating address
13:02:34 16.09.2015 DEBUG AddressDAOImpl  create:36 - Address created
13:02:34 16.09.2015 INFO  TestAddressDAO  testCreateAddress:60 - Test create address
13:02:34 16.09.2015 DEBUG AddressDAOImpl  create:24 - Creating address
13:02:34 16.09.2015 DEBUG AddressDAOImpl  create:36 - Address created
13:02:34 16.09.2015 DEBUG AddressDAOImpl  getAll:90 - Get all address records
13:02:34 16.09.2015 INFO  TestAddressDAO  TestGetAll:119 - Test getAll
13:02:34 16.09.2015 DEBUG AddressDAOImpl  update:61 - Updating address
13:02:34 16.09.2015 DEBUG AddressDAOImpl  update:69 - Address updated
13:02:34 16.09.2015 INFO  TestAddressDAO  testUpdateAddress:98 - Test update address
13:02:34 16.09.2015 DEBUG AddressDAOImpl  create:24 - Creating address
13:02:34 16.09.2015 DEBUG AddressDAOImpl  create:36 - Address created
13:02:34 16.09.2015 DEBUG AddressDAOImpl  delete:77 - Deleting address
13:02:34 16.09.2015 DEBUG AddressDAOImpl  delete:82 - Address deleted
13:02:34 16.09.2015 INFO  TestAddressDAO  TestDeleteAddress:108 - Test delete address
14:15:03 16.09.2015 ERROR SQL_Statement  setUpBeforeClass:56 - connection failed
org.apache.commons.dbcp.SQLNestedException: Cannot create JDBC driver of class 'org.postgresql.Driver' for connect URL 'jdbc:postgresql://$OPENSHIFT_POSTGRESQL_DB_HOST:$OPENSHIFT_POSTGRESQL_DB_PORT/jenkins'
	at org.apache.commons.dbcp.BasicDataSource.createDataSource(BasicDataSource.java:1150)
	at org.apache.commons.dbcp.BasicDataSource.getConnection(BasicDataSource.java:880)
	at com.softserve.tc.diary.ConnectManager.getConnectionToTestDB(ConnectManager.java:34)
	at com.softserve.tc.diary.SQL_Statement.setUpBeforeClass(SQL_Statement.java:51)
	at com.softserve.tc.diary.TestTagDAO.setUpBeforeClass(TestTagDAO.java:28)
	at sun.reflect.NativeMethodAccessorImpl.invoke0(Native Method)
	at sun.reflect.NativeMethodAccessorImpl.invoke(Unknown Source)
	at sun.reflect.DelegatingMethodAccessorImpl.invoke(Unknown Source)
	at java.lang.reflect.Method.invoke(Unknown Source)
	at org.junit.runners.model.FrameworkMethod$1.runReflectiveCall(FrameworkMethod.java:50)
	at org.junit.internal.runners.model.ReflectiveCallable.run(ReflectiveCallable.java:12)
	at org.junit.runners.model.FrameworkMethod.invokeExplosively(FrameworkMethod.java:47)
	at org.junit.internal.runners.statements.RunBefores.evaluate(RunBefores.java:24)
	at org.junit.internal.runners.statements.RunAfters.evaluate(RunAfters.java:27)
	at org.junit.runners.ParentRunner.run(ParentRunner.java:363)
	at org.eclipse.jdt.internal.junit4.runner.JUnit4TestReference.run(JUnit4TestReference.java:86)
	at org.eclipse.jdt.internal.junit.runner.TestExecution.run(TestExecution.java:38)
	at org.eclipse.jdt.internal.junit.runner.RemoteTestRunner.runTests(RemoteTestRunner.java:459)
	at org.eclipse.jdt.internal.junit.runner.RemoteTestRunner.runTests(RemoteTestRunner.java:670)
	at org.eclipse.jdt.internal.junit.runner.RemoteTestRunner.run(RemoteTestRunner.java:382)
	at org.eclipse.jdt.internal.junit.runner.RemoteTestRunner.main(RemoteTestRunner.java:192)
Caused by: java.sql.SQLException: No suitable driver
	at java.sql.DriverManager.getDriver(Unknown Source)
	at org.apache.commons.dbcp.BasicDataSource.createDataSource(BasicDataSource.java:1143)
	... 20 more
14:15:03 16.09.2015 ERROR SQL_Statement  DropTableIfExists:120 - drop table failed
java.lang.NullPointerException
	at com.softserve.tc.diary.SQL_Statement.DropTableIfExists(SQL_Statement.java:116)
	at com.softserve.tc.diary.TestTagDAO.tearDownAfterClass(TestTagDAO.java:43)
	at sun.reflect.NativeMethodAccessorImpl.invoke0(Native Method)
	at sun.reflect.NativeMethodAccessorImpl.invoke(Unknown Source)
	at sun.reflect.DelegatingMethodAccessorImpl.invoke(Unknown Source)
	at java.lang.reflect.Method.invoke(Unknown Source)
	at org.junit.runners.model.FrameworkMethod$1.runReflectiveCall(FrameworkMethod.java:50)
	at org.junit.internal.runners.model.ReflectiveCallable.run(ReflectiveCallable.java:12)
	at org.junit.runners.model.FrameworkMethod.invokeExplosively(FrameworkMethod.java:47)
	at org.junit.internal.runners.statements.RunAfters.evaluate(RunAfters.java:33)
	at org.junit.runners.ParentRunner.run(ParentRunner.java:363)
	at org.eclipse.jdt.internal.junit4.runner.JUnit4TestReference.run(JUnit4TestReference.java:86)
	at org.eclipse.jdt.internal.junit.runner.TestExecution.run(TestExecution.java:38)
	at org.eclipse.jdt.internal.junit.runner.RemoteTestRunner.runTests(RemoteTestRunner.java:459)
	at org.eclipse.jdt.internal.junit.runner.RemoteTestRunner.runTests(RemoteTestRunner.java:670)
	at org.eclipse.jdt.internal.junit.runner.RemoteTestRunner.run(RemoteTestRunner.java:382)
	at org.eclipse.jdt.internal.junit.runner.RemoteTestRunner.main(RemoteTestRunner.java:192)
14:20:37 16.09.2015 INFO  SQL_Statement  setUpBeforeClass:61 - Connected to database!
14:20:37 16.09.2015 DEBUG AddressDAOImpl  create:24 - Creating address
14:20:37 16.09.2015 DEBUG AddressDAOImpl  create:36 - Address created
14:20:37 16.09.2015 INFO  TestAddressDAO  testCreateAddress:60 - Test create address
14:20:37 16.09.2015 DEBUG AddressDAOImpl  create:24 - Creating address
14:20:37 16.09.2015 DEBUG AddressDAOImpl  create:36 - Address created
14:20:37 16.09.2015 DEBUG AddressDAOImpl  getAll:90 - Get all address records
14:20:37 16.09.2015 INFO  TestAddressDAO  TestGetAll:119 - Test getAll
14:20:37 16.09.2015 DEBUG AddressDAOImpl  update:61 - Updating address
14:20:37 16.09.2015 DEBUG AddressDAOImpl  update:69 - Address updated
14:20:37 16.09.2015 INFO  TestAddressDAO  testUpdateAddress:98 - Test update address
14:20:37 16.09.2015 DEBUG AddressDAOImpl  create:24 - Creating address
14:20:37 16.09.2015 DEBUG AddressDAOImpl  create:36 - Address created
14:20:37 16.09.2015 DEBUG AddressDAOImpl  delete:77 - Deleting address
14:20:37 16.09.2015 DEBUG AddressDAOImpl  delete:82 - Address deleted
14:20:37 16.09.2015 INFO  TestAddressDAO  TestDeleteAddress:108 - Test delete address
14:20:38 16.09.2015 INFO  SQL_Statement  setUpBeforeClass:61 - Connected to database!
14:20:39 16.09.2015 DEBUG RecordDAOImpl  create:36 - creating record
14:20:39 16.09.2015 DEBUG RecordDAOImpl  create:54 - record created
14:20:39 16.09.2015 INFO  TestRecordDAO  testCreateRecord:83 - Test create record
14:20:39 16.09.2015 DEBUG RecordDAOImpl  create:36 - creating record
14:20:39 16.09.2015 DEBUG RecordDAOImpl  create:54 - record created
14:20:39 16.09.2015 DEBUG RecordDAOImpl  delete:99 - deleting record
14:20:39 16.09.2015 DEBUG RecordDAOImpl  delete:117 - record deleted
14:20:39 16.09.2015 INFO  TestRecordDAO  TestDeleteRecord:149 - test delete record
14:20:39 16.09.2015 DEBUG RecordDAOImpl  update:78 - updating record
14:20:39 16.09.2015 DEBUG RecordDAOImpl  update:92 - record updated
14:20:39 16.09.2015 INFO  TestRecordDAO  testUpdateRecord:129 - test update record
14:20:39 16.09.2015 INFO  TestRecordDAO  testGetAll:137 - test get all
14:20:39 16.09.2015 INFO  SQL_Statement  setUpBeforeClass:61 - Connected to database!
14:20:39 16.09.2015 DEBUG RoleDAOImpl  update:66 - updating role
14:20:39 16.09.2015 DEBUG RoleDAOImpl  update:73 - role updated
14:20:39 16.09.2015 INFO  TestRoleDAO  testUpdateRole:93 - test update role
14:20:39 16.09.2015 DEBUG RoleDAOImpl  create:34 - Creating role
14:20:39 16.09.2015 DEBUG RoleDAOImpl  create:40 - Role created
14:20:39 16.09.2015 INFO  TestRoleDAO  testCreateRole:59 - Test create role
14:20:39 16.09.2015 DEBUG RoleDAOImpl  delete:81 - deleting role
14:20:39 16.09.2015 DEBUG RoleDAOImpl  delete:87 - role deleted
14:20:39 16.09.2015 DEBUG RoleDAOImpl  readByKey:49 - read by key
14:20:40 16.09.2015 INFO  TestRoleDAO  testDeleteRole:129 - test delete role
14:20:40 16.09.2015 DEBUG RoleDAOImpl  create:34 - Creating role
14:20:40 16.09.2015 DEBUG RoleDAOImpl  create:40 - Role created
14:20:40 16.09.2015 DEBUG RoleDAOImpl  getAll:95 - Get all role records
14:20:40 16.09.2015 INFO  TestRoleDAO  testGetAll:140 - test getAll
14:20:40 16.09.2015 INFO  SQL_Statement  setUpBeforeClass:61 - Connected to database!
14:20:40 16.09.2015 INFO  TestTagDAO  testCreateFromRecord:119 - test create from record
14:20:40 16.09.2015 INFO  TestTagDAO  testReadByKey:144 - test read by key
14:20:40 16.09.2015 INFO  TestTagDAO  testDeleteFromtagRecord:164 - test delete from tag_record
14:20:40 16.09.2015 INFO  TestTagDAO  testGetListTagsByPrefix:195 - test get list tags by prefix
14:20:40 16.09.2015 INFO  TestTagDAO  testGetListTagsBySuffix:204 - test get list tags by suffix
14:20:40 16.09.2015 INFO  TestTagDAO  testCheckIfTagAlreadyExist:131 - test check if tag already exist
14:20:40 16.09.2015 INFO  TestTagDAO  testDeleteTag:174 - test delete tag
14:20:41 16.09.2015 WARN  TagDAOImpl  create:53 - Tag already exist
14:20:41 16.09.2015 INFO  TestTagDAO  testCreateTag:81 - test create tag
14:20:41 16.09.2015 INFO  TestTagDAO  testGetAll:212 - test get all
14:20:41 16.09.2015 INFO  TestTagDAO  testGetListRecordByTag:221 - test get list record by tag
14:20:41 16.09.2015 INFO  TestTagDAO  testCheckIfRecordHasTag:186 - test check if record has tag
14:20:41 16.09.2015 INFO  TestTagDAO  testGetTagByMessage:56 - test get tag by message
14:20:41 16.09.2015 INFO  SQL_Statement  setUpBeforeClass:61 - Connected to database!
14:20:41 16.09.2015 INFO  TestUserDAO  testUpdateUser:132 - test update user
14:20:42 16.09.2015 ERROR UserDAOImpl  create:50 - You not enter nickname, e-mail or role
14:20:42 16.09.2015 INFO  TestUserDAO  testGetByNickName:180 - test get by nickname
14:20:42 16.09.2015 INFO  TestUserDAO  testCreateUser:82 - test create user
14:20:42 16.09.2015 INFO  TestUserDAO  testDeleteUser:143 - test delete user
14:20:42 16.09.2015 INFO  TestUserDAO  testGetAll:155 - test get all
14:23:38 16.09.2015 ERROR SQL_Statement  setUpBeforeClass:56 - connection failed
org.apache.commons.dbcp.SQLNestedException: Cannot create JDBC driver of class 'org.postgresql.Driver' for connect URL 'jdbc:postgresql://$OPENSHIFT_POSTGRESQL_DB_HOST:$OPENSHIFT_POSTGRESQL_DB_PORT/jenkins'
	at org.apache.commons.dbcp.BasicDataSource.createDataSource(BasicDataSource.java:1150)
	at org.apache.commons.dbcp.BasicDataSource.getConnection(BasicDataSource.java:880)
	at com.softserve.tc.diary.ConnectManager.getConnectionToTestDB(ConnectManager.java:34)
	at com.softserve.tc.diary.SQL_Statement.setUpBeforeClass(SQL_Statement.java:51)
	at com.softserve.tc.diary.TestAddressDAO.setUpBeforeClass(TestAddressDAO.java:25)
	at sun.reflect.NativeMethodAccessorImpl.invoke0(Native Method)
	at sun.reflect.NativeMethodAccessorImpl.invoke(NativeMethodAccessorImpl.java:62)
	at sun.reflect.DelegatingMethodAccessorImpl.invoke(DelegatingMethodAccessorImpl.java:43)
	at java.lang.reflect.Method.invoke(Method.java:483)
	at org.junit.runners.model.FrameworkMethod$1.runReflectiveCall(FrameworkMethod.java:50)
	at org.junit.internal.runners.model.ReflectiveCallable.run(ReflectiveCallable.java:12)
	at org.junit.runners.model.FrameworkMethod.invokeExplosively(FrameworkMethod.java:47)
	at org.junit.internal.runners.statements.RunBefores.evaluate(RunBefores.java:24)
	at org.junit.internal.runners.statements.RunAfters.evaluate(RunAfters.java:27)
	at org.junit.runners.ParentRunner.run(ParentRunner.java:363)
	at org.apache.maven.surefire.junit4.JUnit4Provider.execute(JUnit4Provider.java:252)
	at org.apache.maven.surefire.junit4.JUnit4Provider.executeTestSet(JUnit4Provider.java:141)
	at org.apache.maven.surefire.junit4.JUnit4Provider.invoke(JUnit4Provider.java:112)
	at sun.reflect.NativeMethodAccessorImpl.invoke0(Native Method)
	at sun.reflect.NativeMethodAccessorImpl.invoke(NativeMethodAccessorImpl.java:62)
	at sun.reflect.DelegatingMethodAccessorImpl.invoke(DelegatingMethodAccessorImpl.java:43)
	at java.lang.reflect.Method.invoke(Method.java:483)
	at org.apache.maven.surefire.util.ReflectionUtils.invokeMethodWithArray(ReflectionUtils.java:189)
	at org.apache.maven.surefire.booter.ProviderFactory$ProviderProxy.invoke(ProviderFactory.java:165)
	at org.apache.maven.surefire.booter.ProviderFactory.invokeProvider(ProviderFactory.java:85)
	at org.apache.maven.surefire.booter.ForkedBooter.runSuitesInProcess(ForkedBooter.java:115)
	at org.apache.maven.surefire.booter.ForkedBooter.main(ForkedBooter.java:75)
Caused by: java.sql.SQLException: No suitable driver
	at java.sql.DriverManager.getDriver(DriverManager.java:315)
	at org.apache.commons.dbcp.BasicDataSource.createDataSource(BasicDataSource.java:1143)
	... 26 more
14:23:38 16.09.2015 ERROR SQL_Statement  DropTableIfExists:120 - drop table failed
java.lang.NullPointerException
	at com.softserve.tc.diary.SQL_Statement.DropTableIfExists(SQL_Statement.java:116)
	at com.softserve.tc.diary.TestAddressDAO.tearDownAfterClass(TestAddressDAO.java:30)
	at sun.reflect.NativeMethodAccessorImpl.invoke0(Native Method)
	at sun.reflect.NativeMethodAccessorImpl.invoke(NativeMethodAccessorImpl.java:62)
	at sun.reflect.DelegatingMethodAccessorImpl.invoke(DelegatingMethodAccessorImpl.java:43)
	at java.lang.reflect.Method.invoke(Method.java:483)
	at org.junit.runners.model.FrameworkMethod$1.runReflectiveCall(FrameworkMethod.java:50)
	at org.junit.internal.runners.model.ReflectiveCallable.run(ReflectiveCallable.java:12)
	at org.junit.runners.model.FrameworkMethod.invokeExplosively(FrameworkMethod.java:47)
	at org.junit.internal.runners.statements.RunAfters.evaluate(RunAfters.java:33)
	at org.junit.runners.ParentRunner.run(ParentRunner.java:363)
	at org.apache.maven.surefire.junit4.JUnit4Provider.execute(JUnit4Provider.java:252)
	at org.apache.maven.surefire.junit4.JUnit4Provider.executeTestSet(JUnit4Provider.java:141)
	at org.apache.maven.surefire.junit4.JUnit4Provider.invoke(JUnit4Provider.java:112)
	at sun.reflect.NativeMethodAccessorImpl.invoke0(Native Method)
	at sun.reflect.NativeMethodAccessorImpl.invoke(NativeMethodAccessorImpl.java:62)
	at sun.reflect.DelegatingMethodAccessorImpl.invoke(DelegatingMethodAccessorImpl.java:43)
	at java.lang.reflect.Method.invoke(Method.java:483)
	at org.apache.maven.surefire.util.ReflectionUtils.invokeMethodWithArray(ReflectionUtils.java:189)
	at org.apache.maven.surefire.booter.ProviderFactory$ProviderProxy.invoke(ProviderFactory.java:165)
	at org.apache.maven.surefire.booter.ProviderFactory.invokeProvider(ProviderFactory.java:85)
	at org.apache.maven.surefire.booter.ForkedBooter.runSuitesInProcess(ForkedBooter.java:115)
	at org.apache.maven.surefire.booter.ForkedBooter.main(ForkedBooter.java:75)
14:23:38 16.09.2015 ERROR SQL_Statement  setUpBeforeClass:56 - connection failed
org.apache.commons.dbcp.SQLNestedException: Cannot create JDBC driver of class 'org.postgresql.Driver' for connect URL 'jdbc:postgresql://$OPENSHIFT_POSTGRESQL_DB_HOST:$OPENSHIFT_POSTGRESQL_DB_PORT/jenkins'
	at org.apache.commons.dbcp.BasicDataSource.createDataSource(BasicDataSource.java:1150)
	at org.apache.commons.dbcp.BasicDataSource.getConnection(BasicDataSource.java:880)
	at com.softserve.tc.diary.ConnectManager.getConnectionToTestDB(ConnectManager.java:34)
	at com.softserve.tc.diary.SQL_Statement.setUpBeforeClass(SQL_Statement.java:51)
	at com.softserve.tc.diary.TestRecordDAO.setUpBeforeClass(TestRecordDAO.java:36)
	at sun.reflect.NativeMethodAccessorImpl.invoke0(Native Method)
	at sun.reflect.NativeMethodAccessorImpl.invoke(NativeMethodAccessorImpl.java:62)
	at sun.reflect.DelegatingMethodAccessorImpl.invoke(DelegatingMethodAccessorImpl.java:43)
	at java.lang.reflect.Method.invoke(Method.java:483)
	at org.junit.runners.model.FrameworkMethod$1.runReflectiveCall(FrameworkMethod.java:50)
	at org.junit.internal.runners.model.ReflectiveCallable.run(ReflectiveCallable.java:12)
	at org.junit.runners.model.FrameworkMethod.invokeExplosively(FrameworkMethod.java:47)
	at org.junit.internal.runners.statements.RunBefores.evaluate(RunBefores.java:24)
	at org.junit.internal.runners.statements.RunAfters.evaluate(RunAfters.java:27)
	at org.junit.runners.ParentRunner.run(ParentRunner.java:363)
	at org.apache.maven.surefire.junit4.JUnit4Provider.execute(JUnit4Provider.java:252)
	at org.apache.maven.surefire.junit4.JUnit4Provider.executeTestSet(JUnit4Provider.java:141)
	at org.apache.maven.surefire.junit4.JUnit4Provider.invoke(JUnit4Provider.java:112)
	at sun.reflect.NativeMethodAccessorImpl.invoke0(Native Method)
	at sun.reflect.NativeMethodAccessorImpl.invoke(NativeMethodAccessorImpl.java:62)
	at sun.reflect.DelegatingMethodAccessorImpl.invoke(DelegatingMethodAccessorImpl.java:43)
	at java.lang.reflect.Method.invoke(Method.java:483)
	at org.apache.maven.surefire.util.ReflectionUtils.invokeMethodWithArray(ReflectionUtils.java:189)
	at org.apache.maven.surefire.booter.ProviderFactory$ProviderProxy.invoke(ProviderFactory.java:165)
	at org.apache.maven.surefire.booter.ProviderFactory.invokeProvider(ProviderFactory.java:85)
	at org.apache.maven.surefire.booter.ForkedBooter.runSuitesInProcess(ForkedBooter.java:115)
	at org.apache.maven.surefire.booter.ForkedBooter.main(ForkedBooter.java:75)
Caused by: java.sql.SQLException: No suitable driver
	at java.sql.DriverManager.getDriver(DriverManager.java:315)
	at org.apache.commons.dbcp.BasicDataSource.createDataSource(BasicDataSource.java:1143)
	... 26 more
14:23:38 16.09.2015 ERROR SQL_Statement  DropTableIfExists:120 - drop table failed
java.lang.NullPointerException
	at com.softserve.tc.diary.SQL_Statement.DropTableIfExists(SQL_Statement.java:116)
	at com.softserve.tc.diary.TestRecordDAO.tearDownAfterClass(TestRecordDAO.java:51)
	at sun.reflect.NativeMethodAccessorImpl.invoke0(Native Method)
	at sun.reflect.NativeMethodAccessorImpl.invoke(NativeMethodAccessorImpl.java:62)
	at sun.reflect.DelegatingMethodAccessorImpl.invoke(DelegatingMethodAccessorImpl.java:43)
	at java.lang.reflect.Method.invoke(Method.java:483)
	at org.junit.runners.model.FrameworkMethod$1.runReflectiveCall(FrameworkMethod.java:50)
	at org.junit.internal.runners.model.ReflectiveCallable.run(ReflectiveCallable.java:12)
	at org.junit.runners.model.FrameworkMethod.invokeExplosively(FrameworkMethod.java:47)
	at org.junit.internal.runners.statements.RunAfters.evaluate(RunAfters.java:33)
	at org.junit.runners.ParentRunner.run(ParentRunner.java:363)
	at org.apache.maven.surefire.junit4.JUnit4Provider.execute(JUnit4Provider.java:252)
	at org.apache.maven.surefire.junit4.JUnit4Provider.executeTestSet(JUnit4Provider.java:141)
	at org.apache.maven.surefire.junit4.JUnit4Provider.invoke(JUnit4Provider.java:112)
	at sun.reflect.NativeMethodAccessorImpl.invoke0(Native Method)
	at sun.reflect.NativeMethodAccessorImpl.invoke(NativeMethodAccessorImpl.java:62)
	at sun.reflect.DelegatingMethodAccessorImpl.invoke(DelegatingMethodAccessorImpl.java:43)
	at java.lang.reflect.Method.invoke(Method.java:483)
	at org.apache.maven.surefire.util.ReflectionUtils.invokeMethodWithArray(ReflectionUtils.java:189)
	at org.apache.maven.surefire.booter.ProviderFactory$ProviderProxy.invoke(ProviderFactory.java:165)
	at org.apache.maven.surefire.booter.ProviderFactory.invokeProvider(ProviderFactory.java:85)
	at org.apache.maven.surefire.booter.ForkedBooter.runSuitesInProcess(ForkedBooter.java:115)
	at org.apache.maven.surefire.booter.ForkedBooter.main(ForkedBooter.java:75)
14:23:38 16.09.2015 ERROR SQL_Statement  setUpBeforeClass:56 - connection failed
org.apache.commons.dbcp.SQLNestedException: Cannot create JDBC driver of class 'org.postgresql.Driver' for connect URL 'jdbc:postgresql://$OPENSHIFT_POSTGRESQL_DB_HOST:$OPENSHIFT_POSTGRESQL_DB_PORT/jenkins'
	at org.apache.commons.dbcp.BasicDataSource.createDataSource(BasicDataSource.java:1150)
	at org.apache.commons.dbcp.BasicDataSource.getConnection(BasicDataSource.java:880)
	at com.softserve.tc.diary.ConnectManager.getConnectionToTestDB(ConnectManager.java:34)
	at com.softserve.tc.diary.SQL_Statement.setUpBeforeClass(SQL_Statement.java:51)
	at com.softserve.tc.diary.TestRoleDAO.setUpBeforeClass(TestRoleDAO.java:29)
	at sun.reflect.NativeMethodAccessorImpl.invoke0(Native Method)
	at sun.reflect.NativeMethodAccessorImpl.invoke(NativeMethodAccessorImpl.java:62)
	at sun.reflect.DelegatingMethodAccessorImpl.invoke(DelegatingMethodAccessorImpl.java:43)
	at java.lang.reflect.Method.invoke(Method.java:483)
	at org.junit.runners.model.FrameworkMethod$1.runReflectiveCall(FrameworkMethod.java:50)
	at org.junit.internal.runners.model.ReflectiveCallable.run(ReflectiveCallable.java:12)
	at org.junit.runners.model.FrameworkMethod.invokeExplosively(FrameworkMethod.java:47)
	at org.junit.internal.runners.statements.RunBefores.evaluate(RunBefores.java:24)
	at org.junit.runners.ParentRunner.run(ParentRunner.java:363)
	at org.apache.maven.surefire.junit4.JUnit4Provider.execute(JUnit4Provider.java:252)
	at org.apache.maven.surefire.junit4.JUnit4Provider.executeTestSet(JUnit4Provider.java:141)
	at org.apache.maven.surefire.junit4.JUnit4Provider.invoke(JUnit4Provider.java:112)
	at sun.reflect.NativeMethodAccessorImpl.invoke0(Native Method)
	at sun.reflect.NativeMethodAccessorImpl.invoke(NativeMethodAccessorImpl.java:62)
	at sun.reflect.DelegatingMethodAccessorImpl.invoke(DelegatingMethodAccessorImpl.java:43)
	at java.lang.reflect.Method.invoke(Method.java:483)
	at org.apache.maven.surefire.util.ReflectionUtils.invokeMethodWithArray(ReflectionUtils.java:189)
	at org.apache.maven.surefire.booter.ProviderFactory$ProviderProxy.invoke(ProviderFactory.java:165)
	at org.apache.maven.surefire.booter.ProviderFactory.invokeProvider(ProviderFactory.java:85)
	at org.apache.maven.surefire.booter.ForkedBooter.runSuitesInProcess(ForkedBooter.java:115)
	at org.apache.maven.surefire.booter.ForkedBooter.main(ForkedBooter.java:75)
Caused by: java.sql.SQLException: No suitable driver
	at java.sql.DriverManager.getDriver(DriverManager.java:315)
	at org.apache.commons.dbcp.BasicDataSource.createDataSource(BasicDataSource.java:1143)
	... 25 more
14:23:38 16.09.2015 ERROR SQL_Statement  setUpBeforeClass:56 - connection failed
org.apache.commons.dbcp.SQLNestedException: Cannot create JDBC driver of class 'org.postgresql.Driver' for connect URL 'jdbc:postgresql://$OPENSHIFT_POSTGRESQL_DB_HOST:$OPENSHIFT_POSTGRESQL_DB_PORT/jenkins'
	at org.apache.commons.dbcp.BasicDataSource.createDataSource(BasicDataSource.java:1150)
	at org.apache.commons.dbcp.BasicDataSource.getConnection(BasicDataSource.java:880)
	at com.softserve.tc.diary.ConnectManager.getConnectionToTestDB(ConnectManager.java:34)
	at com.softserve.tc.diary.SQL_Statement.setUpBeforeClass(SQL_Statement.java:51)
	at com.softserve.tc.diary.TestTagDAO.setUpBeforeClass(TestTagDAO.java:28)
	at sun.reflect.NativeMethodAccessorImpl.invoke0(Native Method)
	at sun.reflect.NativeMethodAccessorImpl.invoke(NativeMethodAccessorImpl.java:62)
	at sun.reflect.DelegatingMethodAccessorImpl.invoke(DelegatingMethodAccessorImpl.java:43)
	at java.lang.reflect.Method.invoke(Method.java:483)
	at org.junit.runners.model.FrameworkMethod$1.runReflectiveCall(FrameworkMethod.java:50)
	at org.junit.internal.runners.model.ReflectiveCallable.run(ReflectiveCallable.java:12)
	at org.junit.runners.model.FrameworkMethod.invokeExplosively(FrameworkMethod.java:47)
	at org.junit.internal.runners.statements.RunBefores.evaluate(RunBefores.java:24)
	at org.junit.internal.runners.statements.RunAfters.evaluate(RunAfters.java:27)
	at org.junit.runners.ParentRunner.run(ParentRunner.java:363)
	at org.apache.maven.surefire.junit4.JUnit4Provider.execute(JUnit4Provider.java:252)
	at org.apache.maven.surefire.junit4.JUnit4Provider.executeTestSet(JUnit4Provider.java:141)
	at org.apache.maven.surefire.junit4.JUnit4Provider.invoke(JUnit4Provider.java:112)
	at sun.reflect.NativeMethodAccessorImpl.invoke0(Native Method)
	at sun.reflect.NativeMethodAccessorImpl.invoke(NativeMethodAccessorImpl.java:62)
	at sun.reflect.DelegatingMethodAccessorImpl.invoke(DelegatingMethodAccessorImpl.java:43)
	at java.lang.reflect.Method.invoke(Method.java:483)
	at org.apache.maven.surefire.util.ReflectionUtils.invokeMethodWithArray(ReflectionUtils.java:189)
	at org.apache.maven.surefire.booter.ProviderFactory$ProviderProxy.invoke(ProviderFactory.java:165)
	at org.apache.maven.surefire.booter.ProviderFactory.invokeProvider(ProviderFactory.java:85)
	at org.apache.maven.surefire.booter.ForkedBooter.runSuitesInProcess(ForkedBooter.java:115)
	at org.apache.maven.surefire.booter.ForkedBooter.main(ForkedBooter.java:75)
Caused by: java.sql.SQLException: No suitable driver
	at java.sql.DriverManager.getDriver(DriverManager.java:315)
	at org.apache.commons.dbcp.BasicDataSource.createDataSource(BasicDataSource.java:1143)
	... 26 more
14:23:38 16.09.2015 ERROR SQL_Statement  DropTableIfExists:120 - drop table failed
java.lang.NullPointerException
	at com.softserve.tc.diary.SQL_Statement.DropTableIfExists(SQL_Statement.java:116)
	at com.softserve.tc.diary.TestTagDAO.tearDownAfterClass(TestTagDAO.java:43)
	at sun.reflect.NativeMethodAccessorImpl.invoke0(Native Method)
	at sun.reflect.NativeMethodAccessorImpl.invoke(NativeMethodAccessorImpl.java:62)
	at sun.reflect.DelegatingMethodAccessorImpl.invoke(DelegatingMethodAccessorImpl.java:43)
	at java.lang.reflect.Method.invoke(Method.java:483)
	at org.junit.runners.model.FrameworkMethod$1.runReflectiveCall(FrameworkMethod.java:50)
	at org.junit.internal.runners.model.ReflectiveCallable.run(ReflectiveCallable.java:12)
	at org.junit.runners.model.FrameworkMethod.invokeExplosively(FrameworkMethod.java:47)
	at org.junit.internal.runners.statements.RunAfters.evaluate(RunAfters.java:33)
	at org.junit.runners.ParentRunner.run(ParentRunner.java:363)
	at org.apache.maven.surefire.junit4.JUnit4Provider.execute(JUnit4Provider.java:252)
	at org.apache.maven.surefire.junit4.JUnit4Provider.executeTestSet(JUnit4Provider.java:141)
	at org.apache.maven.surefire.junit4.JUnit4Provider.invoke(JUnit4Provider.java:112)
	at sun.reflect.NativeMethodAccessorImpl.invoke0(Native Method)
	at sun.reflect.NativeMethodAccessorImpl.invoke(NativeMethodAccessorImpl.java:62)
	at sun.reflect.DelegatingMethodAccessorImpl.invoke(DelegatingMethodAccessorImpl.java:43)
	at java.lang.reflect.Method.invoke(Method.java:483)
	at org.apache.maven.surefire.util.ReflectionUtils.invokeMethodWithArray(ReflectionUtils.java:189)
	at org.apache.maven.surefire.booter.ProviderFactory$ProviderProxy.invoke(ProviderFactory.java:165)
	at org.apache.maven.surefire.booter.ProviderFactory.invokeProvider(ProviderFactory.java:85)
	at org.apache.maven.surefire.booter.ForkedBooter.runSuitesInProcess(ForkedBooter.java:115)
	at org.apache.maven.surefire.booter.ForkedBooter.main(ForkedBooter.java:75)
14:23:38 16.09.2015 ERROR SQL_Statement  setUpBeforeClass:56 - connection failed
org.apache.commons.dbcp.SQLNestedException: Cannot create JDBC driver of class 'org.postgresql.Driver' for connect URL 'jdbc:postgresql://$OPENSHIFT_POSTGRESQL_DB_HOST:$OPENSHIFT_POSTGRESQL_DB_PORT/jenkins'
	at org.apache.commons.dbcp.BasicDataSource.createDataSource(BasicDataSource.java:1150)
	at org.apache.commons.dbcp.BasicDataSource.getConnection(BasicDataSource.java:880)
	at com.softserve.tc.diary.ConnectManager.getConnectionToTestDB(ConnectManager.java:34)
	at com.softserve.tc.diary.SQL_Statement.setUpBeforeClass(SQL_Statement.java:51)
	at com.softserve.tc.diary.TestUserDAO.setUpBeforeClass(TestUserDAO.java:30)
	at sun.reflect.NativeMethodAccessorImpl.invoke0(Native Method)
	at sun.reflect.NativeMethodAccessorImpl.invoke(NativeMethodAccessorImpl.java:62)
	at sun.reflect.DelegatingMethodAccessorImpl.invoke(DelegatingMethodAccessorImpl.java:43)
	at java.lang.reflect.Method.invoke(Method.java:483)
	at org.junit.runners.model.FrameworkMethod$1.runReflectiveCall(FrameworkMethod.java:50)
	at org.junit.internal.runners.model.ReflectiveCallable.run(ReflectiveCallable.java:12)
	at org.junit.runners.model.FrameworkMethod.invokeExplosively(FrameworkMethod.java:47)
	at org.junit.internal.runners.statements.RunBefores.evaluate(RunBefores.java:24)
	at org.junit.internal.runners.statements.RunAfters.evaluate(RunAfters.java:27)
	at org.junit.runners.ParentRunner.run(ParentRunner.java:363)
	at org.apache.maven.surefire.junit4.JUnit4Provider.execute(JUnit4Provider.java:252)
	at org.apache.maven.surefire.junit4.JUnit4Provider.executeTestSet(JUnit4Provider.java:141)
	at org.apache.maven.surefire.junit4.JUnit4Provider.invoke(JUnit4Provider.java:112)
	at sun.reflect.NativeMethodAccessorImpl.invoke0(Native Method)
	at sun.reflect.NativeMethodAccessorImpl.invoke(NativeMethodAccessorImpl.java:62)
	at sun.reflect.DelegatingMethodAccessorImpl.invoke(DelegatingMethodAccessorImpl.java:43)
	at java.lang.reflect.Method.invoke(Method.java:483)
	at org.apache.maven.surefire.util.ReflectionUtils.invokeMethodWithArray(ReflectionUtils.java:189)
	at org.apache.maven.surefire.booter.ProviderFactory$ProviderProxy.invoke(ProviderFactory.java:165)
	at org.apache.maven.surefire.booter.ProviderFactory.invokeProvider(ProviderFactory.java:85)
	at org.apache.maven.surefire.booter.ForkedBooter.runSuitesInProcess(ForkedBooter.java:115)
	at org.apache.maven.surefire.booter.ForkedBooter.main(ForkedBooter.java:75)
Caused by: java.sql.SQLException: No suitable driver
	at java.sql.DriverManager.getDriver(DriverManager.java:315)
	at org.apache.commons.dbcp.BasicDataSource.createDataSource(BasicDataSource.java:1143)
	... 26 more
14:23:38 16.09.2015 ERROR SQL_Statement  DropTableIfExists:120 - drop table failed
java.lang.NullPointerException
	at com.softserve.tc.diary.SQL_Statement.DropTableIfExists(SQL_Statement.java:116)
	at com.softserve.tc.diary.TestUserDAO.tearDownAfterClass(TestUserDAO.java:35)
	at sun.reflect.NativeMethodAccessorImpl.invoke0(Native Method)
	at sun.reflect.NativeMethodAccessorImpl.invoke(NativeMethodAccessorImpl.java:62)
	at sun.reflect.DelegatingMethodAccessorImpl.invoke(DelegatingMethodAccessorImpl.java:43)
	at java.lang.reflect.Method.invoke(Method.java:483)
	at org.junit.runners.model.FrameworkMethod$1.runReflectiveCall(FrameworkMethod.java:50)
	at org.junit.internal.runners.model.ReflectiveCallable.run(ReflectiveCallable.java:12)
	at org.junit.runners.model.FrameworkMethod.invokeExplosively(FrameworkMethod.java:47)
	at org.junit.internal.runners.statements.RunAfters.evaluate(RunAfters.java:33)
	at org.junit.runners.ParentRunner.run(ParentRunner.java:363)
	at org.apache.maven.surefire.junit4.JUnit4Provider.execute(JUnit4Provider.java:252)
	at org.apache.maven.surefire.junit4.JUnit4Provider.executeTestSet(JUnit4Provider.java:141)
	at org.apache.maven.surefire.junit4.JUnit4Provider.invoke(JUnit4Provider.java:112)
	at sun.reflect.NativeMethodAccessorImpl.invoke0(Native Method)
	at sun.reflect.NativeMethodAccessorImpl.invoke(NativeMethodAccessorImpl.java:62)
	at sun.reflect.DelegatingMethodAccessorImpl.invoke(DelegatingMethodAccessorImpl.java:43)
	at java.lang.reflect.Method.invoke(Method.java:483)
	at org.apache.maven.surefire.util.ReflectionUtils.invokeMethodWithArray(ReflectionUtils.java:189)
	at org.apache.maven.surefire.booter.ProviderFactory$ProviderProxy.invoke(ProviderFactory.java:165)
	at org.apache.maven.surefire.booter.ProviderFactory.invokeProvider(ProviderFactory.java:85)
	at org.apache.maven.surefire.booter.ForkedBooter.runSuitesInProcess(ForkedBooter.java:115)
	at org.apache.maven.surefire.booter.ForkedBooter.main(ForkedBooter.java:75)
14:50:47 16.09.2015 ERROR SQL_Statement  setUpBeforeClass:56 - connection failed
org.apache.commons.dbcp.SQLNestedException: Cannot create PoolableConnectionFactory (FATAL: password authentication failed for user "adminiblnfma")
	at org.apache.commons.dbcp.BasicDataSource.createDataSource(BasicDataSource.java:1225)
	at org.apache.commons.dbcp.BasicDataSource.getConnection(BasicDataSource.java:880)
	at com.softserve.tc.diary.ConnectManager.getConnectionToTestDB(ConnectManager.java:34)
	at com.softserve.tc.diary.SQL_Statement.setUpBeforeClass(SQL_Statement.java:51)
	at com.softserve.tc.diary.TestAddressDAO.setUpBeforeClass(TestAddressDAO.java:25)
	at sun.reflect.NativeMethodAccessorImpl.invoke0(Native Method)
	at sun.reflect.NativeMethodAccessorImpl.invoke(NativeMethodAccessorImpl.java:62)
	at sun.reflect.DelegatingMethodAccessorImpl.invoke(DelegatingMethodAccessorImpl.java:43)
	at java.lang.reflect.Method.invoke(Method.java:483)
	at org.junit.runners.model.FrameworkMethod$1.runReflectiveCall(FrameworkMethod.java:50)
	at org.junit.internal.runners.model.ReflectiveCallable.run(ReflectiveCallable.java:12)
	at org.junit.runners.model.FrameworkMethod.invokeExplosively(FrameworkMethod.java:47)
	at org.junit.internal.runners.statements.RunBefores.evaluate(RunBefores.java:24)
	at org.junit.internal.runners.statements.RunAfters.evaluate(RunAfters.java:27)
	at org.junit.runners.ParentRunner.run(ParentRunner.java:363)
	at org.apache.maven.surefire.junit4.JUnit4Provider.execute(JUnit4Provider.java:252)
	at org.apache.maven.surefire.junit4.JUnit4Provider.executeTestSet(JUnit4Provider.java:141)
	at org.apache.maven.surefire.junit4.JUnit4Provider.invoke(JUnit4Provider.java:112)
	at sun.reflect.NativeMethodAccessorImpl.invoke0(Native Method)
	at sun.reflect.NativeMethodAccessorImpl.invoke(NativeMethodAccessorImpl.java:62)
	at sun.reflect.DelegatingMethodAccessorImpl.invoke(DelegatingMethodAccessorImpl.java:43)
	at java.lang.reflect.Method.invoke(Method.java:483)
	at org.apache.maven.surefire.util.ReflectionUtils.invokeMethodWithArray(ReflectionUtils.java:189)
	at org.apache.maven.surefire.booter.ProviderFactory$ProviderProxy.invoke(ProviderFactory.java:165)
	at org.apache.maven.surefire.booter.ProviderFactory.invokeProvider(ProviderFactory.java:85)
	at org.apache.maven.surefire.booter.ForkedBooter.runSuitesInProcess(ForkedBooter.java:115)
	at org.apache.maven.surefire.booter.ForkedBooter.main(ForkedBooter.java:75)
Caused by: org.postgresql.util.PSQLException: FATAL: password authentication failed for user "adminiblnfma"
	at org.postgresql.core.v3.ConnectionFactoryImpl.doAuthentication(ConnectionFactoryImpl.java:291)
	at org.postgresql.core.v3.ConnectionFactoryImpl.openConnectionImpl(ConnectionFactoryImpl.java:108)
	at org.postgresql.core.ConnectionFactory.openConnection(ConnectionFactory.java:66)
	at org.postgresql.jdbc2.AbstractJdbc2Connection.<init>(AbstractJdbc2Connection.java:125)
	at org.postgresql.jdbc3.AbstractJdbc3Connection.<init>(AbstractJdbc3Connection.java:30)
	at org.postgresql.jdbc3g.AbstractJdbc3gConnection.<init>(AbstractJdbc3gConnection.java:22)
	at org.postgresql.jdbc4.AbstractJdbc4Connection.<init>(AbstractJdbc4Connection.java:30)
	at org.postgresql.jdbc4.Jdbc4Connection.<init>(Jdbc4Connection.java:24)
	at org.postgresql.Driver.makeConnection(Driver.java:393)
	at org.postgresql.Driver.connect(Driver.java:267)
	at org.apache.commons.dbcp.DriverConnectionFactory.createConnection(DriverConnectionFactory.java:38)
	at org.apache.commons.dbcp.PoolableConnectionFactory.makeObject(PoolableConnectionFactory.java:294)
	at org.apache.commons.dbcp.BasicDataSource.validateConnectionFactory(BasicDataSource.java:1247)
	at org.apache.commons.dbcp.BasicDataSource.createDataSource(BasicDataSource.java:1221)
	... 26 more
14:50:47 16.09.2015 ERROR SQL_Statement  DropTableIfExists:120 - drop table failed
java.lang.NullPointerException
	at com.softserve.tc.diary.SQL_Statement.DropTableIfExists(SQL_Statement.java:116)
	at com.softserve.tc.diary.TestAddressDAO.tearDownAfterClass(TestAddressDAO.java:30)
	at sun.reflect.NativeMethodAccessorImpl.invoke0(Native Method)
	at sun.reflect.NativeMethodAccessorImpl.invoke(NativeMethodAccessorImpl.java:62)
	at sun.reflect.DelegatingMethodAccessorImpl.invoke(DelegatingMethodAccessorImpl.java:43)
	at java.lang.reflect.Method.invoke(Method.java:483)
	at org.junit.runners.model.FrameworkMethod$1.runReflectiveCall(FrameworkMethod.java:50)
	at org.junit.internal.runners.model.ReflectiveCallable.run(ReflectiveCallable.java:12)
	at org.junit.runners.model.FrameworkMethod.invokeExplosively(FrameworkMethod.java:47)
	at org.junit.internal.runners.statements.RunAfters.evaluate(RunAfters.java:33)
	at org.junit.runners.ParentRunner.run(ParentRunner.java:363)
	at org.apache.maven.surefire.junit4.JUnit4Provider.execute(JUnit4Provider.java:252)
	at org.apache.maven.surefire.junit4.JUnit4Provider.executeTestSet(JUnit4Provider.java:141)
	at org.apache.maven.surefire.junit4.JUnit4Provider.invoke(JUnit4Provider.java:112)
	at sun.reflect.NativeMethodAccessorImpl.invoke0(Native Method)
	at sun.reflect.NativeMethodAccessorImpl.invoke(NativeMethodAccessorImpl.java:62)
	at sun.reflect.DelegatingMethodAccessorImpl.invoke(DelegatingMethodAccessorImpl.java:43)
	at java.lang.reflect.Method.invoke(Method.java:483)
	at org.apache.maven.surefire.util.ReflectionUtils.invokeMethodWithArray(ReflectionUtils.java:189)
	at org.apache.maven.surefire.booter.ProviderFactory$ProviderProxy.invoke(ProviderFactory.java:165)
	at org.apache.maven.surefire.booter.ProviderFactory.invokeProvider(ProviderFactory.java:85)
	at org.apache.maven.surefire.booter.ForkedBooter.runSuitesInProcess(ForkedBooter.java:115)
	at org.apache.maven.surefire.booter.ForkedBooter.main(ForkedBooter.java:75)
14:50:47 16.09.2015 ERROR SQL_Statement  setUpBeforeClass:56 - connection failed
org.apache.commons.dbcp.SQLNestedException: Cannot create PoolableConnectionFactory (FATAL: password authentication failed for user "adminiblnfma")
	at org.apache.commons.dbcp.BasicDataSource.createDataSource(BasicDataSource.java:1225)
	at org.apache.commons.dbcp.BasicDataSource.getConnection(BasicDataSource.java:880)
	at com.softserve.tc.diary.ConnectManager.getConnectionToTestDB(ConnectManager.java:34)
	at com.softserve.tc.diary.SQL_Statement.setUpBeforeClass(SQL_Statement.java:51)
	at com.softserve.tc.diary.TestRecordDAO.setUpBeforeClass(TestRecordDAO.java:36)
	at sun.reflect.NativeMethodAccessorImpl.invoke0(Native Method)
	at sun.reflect.NativeMethodAccessorImpl.invoke(NativeMethodAccessorImpl.java:62)
	at sun.reflect.DelegatingMethodAccessorImpl.invoke(DelegatingMethodAccessorImpl.java:43)
	at java.lang.reflect.Method.invoke(Method.java:483)
	at org.junit.runners.model.FrameworkMethod$1.runReflectiveCall(FrameworkMethod.java:50)
	at org.junit.internal.runners.model.ReflectiveCallable.run(ReflectiveCallable.java:12)
	at org.junit.runners.model.FrameworkMethod.invokeExplosively(FrameworkMethod.java:47)
	at org.junit.internal.runners.statements.RunBefores.evaluate(RunBefores.java:24)
	at org.junit.internal.runners.statements.RunAfters.evaluate(RunAfters.java:27)
	at org.junit.runners.ParentRunner.run(ParentRunner.java:363)
	at org.apache.maven.surefire.junit4.JUnit4Provider.execute(JUnit4Provider.java:252)
	at org.apache.maven.surefire.junit4.JUnit4Provider.executeTestSet(JUnit4Provider.java:141)
	at org.apache.maven.surefire.junit4.JUnit4Provider.invoke(JUnit4Provider.java:112)
	at sun.reflect.NativeMethodAccessorImpl.invoke0(Native Method)
	at sun.reflect.NativeMethodAccessorImpl.invoke(NativeMethodAccessorImpl.java:62)
	at sun.reflect.DelegatingMethodAccessorImpl.invoke(DelegatingMethodAccessorImpl.java:43)
	at java.lang.reflect.Method.invoke(Method.java:483)
	at org.apache.maven.surefire.util.ReflectionUtils.invokeMethodWithArray(ReflectionUtils.java:189)
	at org.apache.maven.surefire.booter.ProviderFactory$ProviderProxy.invoke(ProviderFactory.java:165)
	at org.apache.maven.surefire.booter.ProviderFactory.invokeProvider(ProviderFactory.java:85)
	at org.apache.maven.surefire.booter.ForkedBooter.runSuitesInProcess(ForkedBooter.java:115)
	at org.apache.maven.surefire.booter.ForkedBooter.main(ForkedBooter.java:75)
Caused by: org.postgresql.util.PSQLException: FATAL: password authentication failed for user "adminiblnfma"
	at org.postgresql.core.v3.ConnectionFactoryImpl.doAuthentication(ConnectionFactoryImpl.java:291)
	at org.postgresql.core.v3.ConnectionFactoryImpl.openConnectionImpl(ConnectionFactoryImpl.java:108)
	at org.postgresql.core.ConnectionFactory.openConnection(ConnectionFactory.java:66)
	at org.postgresql.jdbc2.AbstractJdbc2Connection.<init>(AbstractJdbc2Connection.java:125)
	at org.postgresql.jdbc3.AbstractJdbc3Connection.<init>(AbstractJdbc3Connection.java:30)
	at org.postgresql.jdbc3g.AbstractJdbc3gConnection.<init>(AbstractJdbc3gConnection.java:22)
	at org.postgresql.jdbc4.AbstractJdbc4Connection.<init>(AbstractJdbc4Connection.java:30)
	at org.postgresql.jdbc4.Jdbc4Connection.<init>(Jdbc4Connection.java:24)
	at org.postgresql.Driver.makeConnection(Driver.java:393)
	at org.postgresql.Driver.connect(Driver.java:267)
	at org.apache.commons.dbcp.DriverConnectionFactory.createConnection(DriverConnectionFactory.java:38)
	at org.apache.commons.dbcp.PoolableConnectionFactory.makeObject(PoolableConnectionFactory.java:294)
	at org.apache.commons.dbcp.BasicDataSource.validateConnectionFactory(BasicDataSource.java:1247)
	at org.apache.commons.dbcp.BasicDataSource.createDataSource(BasicDataSource.java:1221)
	... 26 more
14:50:47 16.09.2015 ERROR SQL_Statement  DropTableIfExists:120 - drop table failed
java.lang.NullPointerException
	at com.softserve.tc.diary.SQL_Statement.DropTableIfExists(SQL_Statement.java:116)
	at com.softserve.tc.diary.TestRecordDAO.tearDownAfterClass(TestRecordDAO.java:51)
	at sun.reflect.NativeMethodAccessorImpl.invoke0(Native Method)
	at sun.reflect.NativeMethodAccessorImpl.invoke(NativeMethodAccessorImpl.java:62)
	at sun.reflect.DelegatingMethodAccessorImpl.invoke(DelegatingMethodAccessorImpl.java:43)
	at java.lang.reflect.Method.invoke(Method.java:483)
	at org.junit.runners.model.FrameworkMethod$1.runReflectiveCall(FrameworkMethod.java:50)
	at org.junit.internal.runners.model.ReflectiveCallable.run(ReflectiveCallable.java:12)
	at org.junit.runners.model.FrameworkMethod.invokeExplosively(FrameworkMethod.java:47)
	at org.junit.internal.runners.statements.RunAfters.evaluate(RunAfters.java:33)
	at org.junit.runners.ParentRunner.run(ParentRunner.java:363)
	at org.apache.maven.surefire.junit4.JUnit4Provider.execute(JUnit4Provider.java:252)
	at org.apache.maven.surefire.junit4.JUnit4Provider.executeTestSet(JUnit4Provider.java:141)
	at org.apache.maven.surefire.junit4.JUnit4Provider.invoke(JUnit4Provider.java:112)
	at sun.reflect.NativeMethodAccessorImpl.invoke0(Native Method)
	at sun.reflect.NativeMethodAccessorImpl.invoke(NativeMethodAccessorImpl.java:62)
	at sun.reflect.DelegatingMethodAccessorImpl.invoke(DelegatingMethodAccessorImpl.java:43)
	at java.lang.reflect.Method.invoke(Method.java:483)
	at org.apache.maven.surefire.util.ReflectionUtils.invokeMethodWithArray(ReflectionUtils.java:189)
	at org.apache.maven.surefire.booter.ProviderFactory$ProviderProxy.invoke(ProviderFactory.java:165)
	at org.apache.maven.surefire.booter.ProviderFactory.invokeProvider(ProviderFactory.java:85)
	at org.apache.maven.surefire.booter.ForkedBooter.runSuitesInProcess(ForkedBooter.java:115)
	at org.apache.maven.surefire.booter.ForkedBooter.main(ForkedBooter.java:75)
14:50:48 16.09.2015 ERROR SQL_Statement  setUpBeforeClass:56 - connection failed
org.apache.commons.dbcp.SQLNestedException: Cannot create PoolableConnectionFactory (FATAL: password authentication failed for user "adminiblnfma")
	at org.apache.commons.dbcp.BasicDataSource.createDataSource(BasicDataSource.java:1225)
	at org.apache.commons.dbcp.BasicDataSource.getConnection(BasicDataSource.java:880)
	at com.softserve.tc.diary.ConnectManager.getConnectionToTestDB(ConnectManager.java:34)
	at com.softserve.tc.diary.SQL_Statement.setUpBeforeClass(SQL_Statement.java:51)
	at com.softserve.tc.diary.TestRoleDAO.setUpBeforeClass(TestRoleDAO.java:29)
	at sun.reflect.NativeMethodAccessorImpl.invoke0(Native Method)
	at sun.reflect.NativeMethodAccessorImpl.invoke(NativeMethodAccessorImpl.java:62)
	at sun.reflect.DelegatingMethodAccessorImpl.invoke(DelegatingMethodAccessorImpl.java:43)
	at java.lang.reflect.Method.invoke(Method.java:483)
	at org.junit.runners.model.FrameworkMethod$1.runReflectiveCall(FrameworkMethod.java:50)
	at org.junit.internal.runners.model.ReflectiveCallable.run(ReflectiveCallable.java:12)
	at org.junit.runners.model.FrameworkMethod.invokeExplosively(FrameworkMethod.java:47)
	at org.junit.internal.runners.statements.RunBefores.evaluate(RunBefores.java:24)
	at org.junit.runners.ParentRunner.run(ParentRunner.java:363)
	at org.apache.maven.surefire.junit4.JUnit4Provider.execute(JUnit4Provider.java:252)
	at org.apache.maven.surefire.junit4.JUnit4Provider.executeTestSet(JUnit4Provider.java:141)
	at org.apache.maven.surefire.junit4.JUnit4Provider.invoke(JUnit4Provider.java:112)
	at sun.reflect.NativeMethodAccessorImpl.invoke0(Native Method)
	at sun.reflect.NativeMethodAccessorImpl.invoke(NativeMethodAccessorImpl.java:62)
	at sun.reflect.DelegatingMethodAccessorImpl.invoke(DelegatingMethodAccessorImpl.java:43)
	at java.lang.reflect.Method.invoke(Method.java:483)
	at org.apache.maven.surefire.util.ReflectionUtils.invokeMethodWithArray(ReflectionUtils.java:189)
	at org.apache.maven.surefire.booter.ProviderFactory$ProviderProxy.invoke(ProviderFactory.java:165)
	at org.apache.maven.surefire.booter.ProviderFactory.invokeProvider(ProviderFactory.java:85)
	at org.apache.maven.surefire.booter.ForkedBooter.runSuitesInProcess(ForkedBooter.java:115)
	at org.apache.maven.surefire.booter.ForkedBooter.main(ForkedBooter.java:75)
Caused by: org.postgresql.util.PSQLException: FATAL: password authentication failed for user "adminiblnfma"
	at org.postgresql.core.v3.ConnectionFactoryImpl.doAuthentication(ConnectionFactoryImpl.java:291)
	at org.postgresql.core.v3.ConnectionFactoryImpl.openConnectionImpl(ConnectionFactoryImpl.java:108)
	at org.postgresql.core.ConnectionFactory.openConnection(ConnectionFactory.java:66)
	at org.postgresql.jdbc2.AbstractJdbc2Connection.<init>(AbstractJdbc2Connection.java:125)
	at org.postgresql.jdbc3.AbstractJdbc3Connection.<init>(AbstractJdbc3Connection.java:30)
	at org.postgresql.jdbc3g.AbstractJdbc3gConnection.<init>(AbstractJdbc3gConnection.java:22)
	at org.postgresql.jdbc4.AbstractJdbc4Connection.<init>(AbstractJdbc4Connection.java:30)
	at org.postgresql.jdbc4.Jdbc4Connection.<init>(Jdbc4Connection.java:24)
	at org.postgresql.Driver.makeConnection(Driver.java:393)
	at org.postgresql.Driver.connect(Driver.java:267)
	at org.apache.commons.dbcp.DriverConnectionFactory.createConnection(DriverConnectionFactory.java:38)
	at org.apache.commons.dbcp.PoolableConnectionFactory.makeObject(PoolableConnectionFactory.java:294)
	at org.apache.commons.dbcp.BasicDataSource.validateConnectionFactory(BasicDataSource.java:1247)
	at org.apache.commons.dbcp.BasicDataSource.createDataSource(BasicDataSource.java:1221)
	... 25 more
14:50:48 16.09.2015 ERROR SQL_Statement  setUpBeforeClass:56 - connection failed
org.apache.commons.dbcp.SQLNestedException: Cannot create PoolableConnectionFactory (FATAL: password authentication failed for user "adminiblnfma")
	at org.apache.commons.dbcp.BasicDataSource.createDataSource(BasicDataSource.java:1225)
	at org.apache.commons.dbcp.BasicDataSource.getConnection(BasicDataSource.java:880)
	at com.softserve.tc.diary.ConnectManager.getConnectionToTestDB(ConnectManager.java:34)
	at com.softserve.tc.diary.SQL_Statement.setUpBeforeClass(SQL_Statement.java:51)
	at com.softserve.tc.diary.TestTagDAO.setUpBeforeClass(TestTagDAO.java:28)
	at sun.reflect.NativeMethodAccessorImpl.invoke0(Native Method)
	at sun.reflect.NativeMethodAccessorImpl.invoke(NativeMethodAccessorImpl.java:62)
	at sun.reflect.DelegatingMethodAccessorImpl.invoke(DelegatingMethodAccessorImpl.java:43)
	at java.lang.reflect.Method.invoke(Method.java:483)
	at org.junit.runners.model.FrameworkMethod$1.runReflectiveCall(FrameworkMethod.java:50)
	at org.junit.internal.runners.model.ReflectiveCallable.run(ReflectiveCallable.java:12)
	at org.junit.runners.model.FrameworkMethod.invokeExplosively(FrameworkMethod.java:47)
	at org.junit.internal.runners.statements.RunBefores.evaluate(RunBefores.java:24)
	at org.junit.internal.runners.statements.RunAfters.evaluate(RunAfters.java:27)
	at org.junit.runners.ParentRunner.run(ParentRunner.java:363)
	at org.apache.maven.surefire.junit4.JUnit4Provider.execute(JUnit4Provider.java:252)
	at org.apache.maven.surefire.junit4.JUnit4Provider.executeTestSet(JUnit4Provider.java:141)
	at org.apache.maven.surefire.junit4.JUnit4Provider.invoke(JUnit4Provider.java:112)
	at sun.reflect.NativeMethodAccessorImpl.invoke0(Native Method)
	at sun.reflect.NativeMethodAccessorImpl.invoke(NativeMethodAccessorImpl.java:62)
	at sun.reflect.DelegatingMethodAccessorImpl.invoke(DelegatingMethodAccessorImpl.java:43)
	at java.lang.reflect.Method.invoke(Method.java:483)
	at org.apache.maven.surefire.util.ReflectionUtils.invokeMethodWithArray(ReflectionUtils.java:189)
	at org.apache.maven.surefire.booter.ProviderFactory$ProviderProxy.invoke(ProviderFactory.java:165)
	at org.apache.maven.surefire.booter.ProviderFactory.invokeProvider(ProviderFactory.java:85)
	at org.apache.maven.surefire.booter.ForkedBooter.runSuitesInProcess(ForkedBooter.java:115)
	at org.apache.maven.surefire.booter.ForkedBooter.main(ForkedBooter.java:75)
Caused by: org.postgresql.util.PSQLException: FATAL: password authentication failed for user "adminiblnfma"
	at org.postgresql.core.v3.ConnectionFactoryImpl.doAuthentication(ConnectionFactoryImpl.java:291)
	at org.postgresql.core.v3.ConnectionFactoryImpl.openConnectionImpl(ConnectionFactoryImpl.java:108)
	at org.postgresql.core.ConnectionFactory.openConnection(ConnectionFactory.java:66)
	at org.postgresql.jdbc2.AbstractJdbc2Connection.<init>(AbstractJdbc2Connection.java:125)
	at org.postgresql.jdbc3.AbstractJdbc3Connection.<init>(AbstractJdbc3Connection.java:30)
	at org.postgresql.jdbc3g.AbstractJdbc3gConnection.<init>(AbstractJdbc3gConnection.java:22)
	at org.postgresql.jdbc4.AbstractJdbc4Connection.<init>(AbstractJdbc4Connection.java:30)
	at org.postgresql.jdbc4.Jdbc4Connection.<init>(Jdbc4Connection.java:24)
	at org.postgresql.Driver.makeConnection(Driver.java:393)
	at org.postgresql.Driver.connect(Driver.java:267)
	at org.apache.commons.dbcp.DriverConnectionFactory.createConnection(DriverConnectionFactory.java:38)
	at org.apache.commons.dbcp.PoolableConnectionFactory.makeObject(PoolableConnectionFactory.java:294)
	at org.apache.commons.dbcp.BasicDataSource.validateConnectionFactory(BasicDataSource.java:1247)
	at org.apache.commons.dbcp.BasicDataSource.createDataSource(BasicDataSource.java:1221)
	... 26 more
14:50:48 16.09.2015 ERROR SQL_Statement  DropTableIfExists:120 - drop table failed
java.lang.NullPointerException
	at com.softserve.tc.diary.SQL_Statement.DropTableIfExists(SQL_Statement.java:116)
	at com.softserve.tc.diary.TestTagDAO.tearDownAfterClass(TestTagDAO.java:43)
	at sun.reflect.NativeMethodAccessorImpl.invoke0(Native Method)
	at sun.reflect.NativeMethodAccessorImpl.invoke(NativeMethodAccessorImpl.java:62)
	at sun.reflect.DelegatingMethodAccessorImpl.invoke(DelegatingMethodAccessorImpl.java:43)
	at java.lang.reflect.Method.invoke(Method.java:483)
	at org.junit.runners.model.FrameworkMethod$1.runReflectiveCall(FrameworkMethod.java:50)
	at org.junit.internal.runners.model.ReflectiveCallable.run(ReflectiveCallable.java:12)
	at org.junit.runners.model.FrameworkMethod.invokeExplosively(FrameworkMethod.java:47)
	at org.junit.internal.runners.statements.RunAfters.evaluate(RunAfters.java:33)
	at org.junit.runners.ParentRunner.run(ParentRunner.java:363)
	at org.apache.maven.surefire.junit4.JUnit4Provider.execute(JUnit4Provider.java:252)
	at org.apache.maven.surefire.junit4.JUnit4Provider.executeTestSet(JUnit4Provider.java:141)
	at org.apache.maven.surefire.junit4.JUnit4Provider.invoke(JUnit4Provider.java:112)
	at sun.reflect.NativeMethodAccessorImpl.invoke0(Native Method)
	at sun.reflect.NativeMethodAccessorImpl.invoke(NativeMethodAccessorImpl.java:62)
	at sun.reflect.DelegatingMethodAccessorImpl.invoke(DelegatingMethodAccessorImpl.java:43)
	at java.lang.reflect.Method.invoke(Method.java:483)
	at org.apache.maven.surefire.util.ReflectionUtils.invokeMethodWithArray(ReflectionUtils.java:189)
	at org.apache.maven.surefire.booter.ProviderFactory$ProviderProxy.invoke(ProviderFactory.java:165)
	at org.apache.maven.surefire.booter.ProviderFactory.invokeProvider(ProviderFactory.java:85)
	at org.apache.maven.surefire.booter.ForkedBooter.runSuitesInProcess(ForkedBooter.java:115)
	at org.apache.maven.surefire.booter.ForkedBooter.main(ForkedBooter.java:75)
14:50:48 16.09.2015 ERROR SQL_Statement  setUpBeforeClass:56 - connection failed
org.apache.commons.dbcp.SQLNestedException: Cannot create PoolableConnectionFactory (FATAL: password authentication failed for user "adminiblnfma")
	at org.apache.commons.dbcp.BasicDataSource.createDataSource(BasicDataSource.java:1225)
	at org.apache.commons.dbcp.BasicDataSource.getConnection(BasicDataSource.java:880)
	at com.softserve.tc.diary.ConnectManager.getConnectionToTestDB(ConnectManager.java:34)
	at com.softserve.tc.diary.SQL_Statement.setUpBeforeClass(SQL_Statement.java:51)
	at com.softserve.tc.diary.TestUserDAO.setUpBeforeClass(TestUserDAO.java:30)
	at sun.reflect.NativeMethodAccessorImpl.invoke0(Native Method)
	at sun.reflect.NativeMethodAccessorImpl.invoke(NativeMethodAccessorImpl.java:62)
	at sun.reflect.DelegatingMethodAccessorImpl.invoke(DelegatingMethodAccessorImpl.java:43)
	at java.lang.reflect.Method.invoke(Method.java:483)
	at org.junit.runners.model.FrameworkMethod$1.runReflectiveCall(FrameworkMethod.java:50)
	at org.junit.internal.runners.model.ReflectiveCallable.run(ReflectiveCallable.java:12)
	at org.junit.runners.model.FrameworkMethod.invokeExplosively(FrameworkMethod.java:47)
	at org.junit.internal.runners.statements.RunBefores.evaluate(RunBefores.java:24)
	at org.junit.internal.runners.statements.RunAfters.evaluate(RunAfters.java:27)
	at org.junit.runners.ParentRunner.run(ParentRunner.java:363)
	at org.apache.maven.surefire.junit4.JUnit4Provider.execute(JUnit4Provider.java:252)
	at org.apache.maven.surefire.junit4.JUnit4Provider.executeTestSet(JUnit4Provider.java:141)
	at org.apache.maven.surefire.junit4.JUnit4Provider.invoke(JUnit4Provider.java:112)
	at sun.reflect.NativeMethodAccessorImpl.invoke0(Native Method)
	at sun.reflect.NativeMethodAccessorImpl.invoke(NativeMethodAccessorImpl.java:62)
	at sun.reflect.DelegatingMethodAccessorImpl.invoke(DelegatingMethodAccessorImpl.java:43)
	at java.lang.reflect.Method.invoke(Method.java:483)
	at org.apache.maven.surefire.util.ReflectionUtils.invokeMethodWithArray(ReflectionUtils.java:189)
	at org.apache.maven.surefire.booter.ProviderFactory$ProviderProxy.invoke(ProviderFactory.java:165)
	at org.apache.maven.surefire.booter.ProviderFactory.invokeProvider(ProviderFactory.java:85)
	at org.apache.maven.surefire.booter.ForkedBooter.runSuitesInProcess(ForkedBooter.java:115)
	at org.apache.maven.surefire.booter.ForkedBooter.main(ForkedBooter.java:75)
Caused by: org.postgresql.util.PSQLException: FATAL: password authentication failed for user "adminiblnfma"
	at org.postgresql.core.v3.ConnectionFactoryImpl.doAuthentication(ConnectionFactoryImpl.java:291)
	at org.postgresql.core.v3.ConnectionFactoryImpl.openConnectionImpl(ConnectionFactoryImpl.java:108)
	at org.postgresql.core.ConnectionFactory.openConnection(ConnectionFactory.java:66)
	at org.postgresql.jdbc2.AbstractJdbc2Connection.<init>(AbstractJdbc2Connection.java:125)
	at org.postgresql.jdbc3.AbstractJdbc3Connection.<init>(AbstractJdbc3Connection.java:30)
	at org.postgresql.jdbc3g.AbstractJdbc3gConnection.<init>(AbstractJdbc3gConnection.java:22)
	at org.postgresql.jdbc4.AbstractJdbc4Connection.<init>(AbstractJdbc4Connection.java:30)
	at org.postgresql.jdbc4.Jdbc4Connection.<init>(Jdbc4Connection.java:24)
	at org.postgresql.Driver.makeConnection(Driver.java:393)
	at org.postgresql.Driver.connect(Driver.java:267)
	at org.apache.commons.dbcp.DriverConnectionFactory.createConnection(DriverConnectionFactory.java:38)
	at org.apache.commons.dbcp.PoolableConnectionFactory.makeObject(PoolableConnectionFactory.java:294)
	at org.apache.commons.dbcp.BasicDataSource.validateConnectionFactory(BasicDataSource.java:1247)
	at org.apache.commons.dbcp.BasicDataSource.createDataSource(BasicDataSource.java:1221)
	... 26 more
14:50:48 16.09.2015 ERROR SQL_Statement  DropTableIfExists:120 - drop table failed
java.lang.NullPointerException
	at com.softserve.tc.diary.SQL_Statement.DropTableIfExists(SQL_Statement.java:116)
	at com.softserve.tc.diary.TestUserDAO.tearDownAfterClass(TestUserDAO.java:35)
	at sun.reflect.NativeMethodAccessorImpl.invoke0(Native Method)
	at sun.reflect.NativeMethodAccessorImpl.invoke(NativeMethodAccessorImpl.java:62)
	at sun.reflect.DelegatingMethodAccessorImpl.invoke(DelegatingMethodAccessorImpl.java:43)
	at java.lang.reflect.Method.invoke(Method.java:483)
	at org.junit.runners.model.FrameworkMethod$1.runReflectiveCall(FrameworkMethod.java:50)
	at org.junit.internal.runners.model.ReflectiveCallable.run(ReflectiveCallable.java:12)
	at org.junit.runners.model.FrameworkMethod.invokeExplosively(FrameworkMethod.java:47)
	at org.junit.internal.runners.statements.RunAfters.evaluate(RunAfters.java:33)
	at org.junit.runners.ParentRunner.run(ParentRunner.java:363)
	at org.apache.maven.surefire.junit4.JUnit4Provider.execute(JUnit4Provider.java:252)
	at org.apache.maven.surefire.junit4.JUnit4Provider.executeTestSet(JUnit4Provider.java:141)
	at org.apache.maven.surefire.junit4.JUnit4Provider.invoke(JUnit4Provider.java:112)
	at sun.reflect.NativeMethodAccessorImpl.invoke0(Native Method)
	at sun.reflect.NativeMethodAccessorImpl.invoke(NativeMethodAccessorImpl.java:62)
	at sun.reflect.DelegatingMethodAccessorImpl.invoke(DelegatingMethodAccessorImpl.java:43)
	at java.lang.reflect.Method.invoke(Method.java:483)
	at org.apache.maven.surefire.util.ReflectionUtils.invokeMethodWithArray(ReflectionUtils.java:189)
	at org.apache.maven.surefire.booter.ProviderFactory$ProviderProxy.invoke(ProviderFactory.java:165)
	at org.apache.maven.surefire.booter.ProviderFactory.invokeProvider(ProviderFactory.java:85)
	at org.apache.maven.surefire.booter.ForkedBooter.runSuitesInProcess(ForkedBooter.java:115)
	at org.apache.maven.surefire.booter.ForkedBooter.main(ForkedBooter.java:75)
14:52:04 16.09.2015 ERROR SQL_Statement  setUpBeforeClass:56 - connection failed
org.apache.commons.dbcp.SQLNestedException: Cannot create PoolableConnectionFactory (FATAL: password authentication failed for user "adminiblnfma")
	at org.apache.commons.dbcp.BasicDataSource.createDataSource(BasicDataSource.java:1225)
	at org.apache.commons.dbcp.BasicDataSource.getConnection(BasicDataSource.java:880)
	at com.softserve.tc.diary.ConnectManager.getConnectionToTestDB(ConnectManager.java:34)
	at com.softserve.tc.diary.SQL_Statement.setUpBeforeClass(SQL_Statement.java:51)
	at com.softserve.tc.diary.TestTagDAO.setUpBeforeClass(TestTagDAO.java:28)
	at sun.reflect.NativeMethodAccessorImpl.invoke0(Native Method)
	at sun.reflect.NativeMethodAccessorImpl.invoke(Unknown Source)
	at sun.reflect.DelegatingMethodAccessorImpl.invoke(Unknown Source)
	at java.lang.reflect.Method.invoke(Unknown Source)
	at org.junit.runners.model.FrameworkMethod$1.runReflectiveCall(FrameworkMethod.java:50)
	at org.junit.internal.runners.model.ReflectiveCallable.run(ReflectiveCallable.java:12)
	at org.junit.runners.model.FrameworkMethod.invokeExplosively(FrameworkMethod.java:47)
	at org.junit.internal.runners.statements.RunBefores.evaluate(RunBefores.java:24)
	at org.junit.internal.runners.statements.RunAfters.evaluate(RunAfters.java:27)
	at org.junit.runners.ParentRunner.run(ParentRunner.java:363)
	at org.eclipse.jdt.internal.junit4.runner.JUnit4TestReference.run(JUnit4TestReference.java:86)
	at org.eclipse.jdt.internal.junit.runner.TestExecution.run(TestExecution.java:38)
	at org.eclipse.jdt.internal.junit.runner.RemoteTestRunner.runTests(RemoteTestRunner.java:459)
	at org.eclipse.jdt.internal.junit.runner.RemoteTestRunner.runTests(RemoteTestRunner.java:670)
	at org.eclipse.jdt.internal.junit.runner.RemoteTestRunner.run(RemoteTestRunner.java:382)
	at org.eclipse.jdt.internal.junit.runner.RemoteTestRunner.main(RemoteTestRunner.java:192)
Caused by: org.postgresql.util.PSQLException: FATAL: password authentication failed for user "adminiblnfma"
	at org.postgresql.core.v3.ConnectionFactoryImpl.doAuthentication(ConnectionFactoryImpl.java:291)
	at org.postgresql.core.v3.ConnectionFactoryImpl.openConnectionImpl(ConnectionFactoryImpl.java:108)
	at org.postgresql.core.ConnectionFactory.openConnection(ConnectionFactory.java:66)
	at org.postgresql.jdbc2.AbstractJdbc2Connection.<init>(AbstractJdbc2Connection.java:125)
	at org.postgresql.jdbc3.AbstractJdbc3Connection.<init>(AbstractJdbc3Connection.java:30)
	at org.postgresql.jdbc3g.AbstractJdbc3gConnection.<init>(AbstractJdbc3gConnection.java:22)
	at org.postgresql.jdbc4.AbstractJdbc4Connection.<init>(AbstractJdbc4Connection.java:30)
	at org.postgresql.jdbc4.Jdbc4Connection.<init>(Jdbc4Connection.java:24)
	at org.postgresql.Driver.makeConnection(Driver.java:393)
	at org.postgresql.Driver.connect(Driver.java:267)
	at org.apache.commons.dbcp.DriverConnectionFactory.createConnection(DriverConnectionFactory.java:38)
	at org.apache.commons.dbcp.PoolableConnectionFactory.makeObject(PoolableConnectionFactory.java:294)
	at org.apache.commons.dbcp.BasicDataSource.validateConnectionFactory(BasicDataSource.java:1247)
	at org.apache.commons.dbcp.BasicDataSource.createDataSource(BasicDataSource.java:1221)
	... 20 more
14:52:04 16.09.2015 ERROR SQL_Statement  DropTableIfExists:120 - drop table failed
java.lang.NullPointerException
	at com.softserve.tc.diary.SQL_Statement.DropTableIfExists(SQL_Statement.java:116)
	at com.softserve.tc.diary.TestTagDAO.tearDownAfterClass(TestTagDAO.java:43)
	at sun.reflect.NativeMethodAccessorImpl.invoke0(Native Method)
	at sun.reflect.NativeMethodAccessorImpl.invoke(Unknown Source)
	at sun.reflect.DelegatingMethodAccessorImpl.invoke(Unknown Source)
	at java.lang.reflect.Method.invoke(Unknown Source)
	at org.junit.runners.model.FrameworkMethod$1.runReflectiveCall(FrameworkMethod.java:50)
	at org.junit.internal.runners.model.ReflectiveCallable.run(ReflectiveCallable.java:12)
	at org.junit.runners.model.FrameworkMethod.invokeExplosively(FrameworkMethod.java:47)
	at org.junit.internal.runners.statements.RunAfters.evaluate(RunAfters.java:33)
	at org.junit.runners.ParentRunner.run(ParentRunner.java:363)
	at org.eclipse.jdt.internal.junit4.runner.JUnit4TestReference.run(JUnit4TestReference.java:86)
	at org.eclipse.jdt.internal.junit.runner.TestExecution.run(TestExecution.java:38)
	at org.eclipse.jdt.internal.junit.runner.RemoteTestRunner.runTests(RemoteTestRunner.java:459)
	at org.eclipse.jdt.internal.junit.runner.RemoteTestRunner.runTests(RemoteTestRunner.java:670)
	at org.eclipse.jdt.internal.junit.runner.RemoteTestRunner.run(RemoteTestRunner.java:382)
	at org.eclipse.jdt.internal.junit.runner.RemoteTestRunner.main(RemoteTestRunner.java:192)
15:02:13 16.09.2015 ERROR SQL_Statement  setUpBeforeClass:56 - connection failed
org.apache.commons.dbcp.SQLNestedException: Cannot create PoolableConnectionFactory ( .          postmaster  TCP/IP-.)
	at org.apache.commons.dbcp.BasicDataSource.createDataSource(BasicDataSource.java:1225)
	at org.apache.commons.dbcp.BasicDataSource.getConnection(BasicDataSource.java:880)
	at com.softserve.tc.diary.ConnectManager.getConnectionToTestDB(ConnectManager.java:34)
	at com.softserve.tc.diary.SQL_Statement.setUpBeforeClass(SQL_Statement.java:51)
	at com.softserve.tc.diary.TestTagDAO.setUpBeforeClass(TestTagDAO.java:28)
	at sun.reflect.NativeMethodAccessorImpl.invoke0(Native Method)
	at sun.reflect.NativeMethodAccessorImpl.invoke(Unknown Source)
	at sun.reflect.DelegatingMethodAccessorImpl.invoke(Unknown Source)
	at java.lang.reflect.Method.invoke(Unknown Source)
	at org.junit.runners.model.FrameworkMethod$1.runReflectiveCall(FrameworkMethod.java:50)
	at org.junit.internal.runners.model.ReflectiveCallable.run(ReflectiveCallable.java:12)
	at org.junit.runners.model.FrameworkMethod.invokeExplosively(FrameworkMethod.java:47)
	at org.junit.internal.runners.statements.RunBefores.evaluate(RunBefores.java:24)
	at org.junit.internal.runners.statements.RunAfters.evaluate(RunAfters.java:27)
	at org.junit.runners.ParentRunner.run(ParentRunner.java:363)
	at org.eclipse.jdt.internal.junit4.runner.JUnit4TestReference.run(JUnit4TestReference.java:86)
	at org.eclipse.jdt.internal.junit.runner.TestExecution.run(TestExecution.java:38)
	at org.eclipse.jdt.internal.junit.runner.RemoteTestRunner.runTests(RemoteTestRunner.java:459)
	at org.eclipse.jdt.internal.junit.runner.RemoteTestRunner.runTests(RemoteTestRunner.java:670)
	at org.eclipse.jdt.internal.junit.runner.RemoteTestRunner.run(RemoteTestRunner.java:382)
	at org.eclipse.jdt.internal.junit.runner.RemoteTestRunner.main(RemoteTestRunner.java:192)
Caused by: org.postgresql.util.PSQLException:  .          postmaster  TCP/IP-.
	at org.postgresql.core.v3.ConnectionFactoryImpl.openConnectionImpl(ConnectionFactoryImpl.java:136)
	at org.postgresql.core.ConnectionFactory.openConnection(ConnectionFactory.java:66)
	at org.postgresql.jdbc2.AbstractJdbc2Connection.<init>(AbstractJdbc2Connection.java:125)
	at org.postgresql.jdbc3.AbstractJdbc3Connection.<init>(AbstractJdbc3Connection.java:30)
	at org.postgresql.jdbc3g.AbstractJdbc3gConnection.<init>(AbstractJdbc3gConnection.java:22)
	at org.postgresql.jdbc4.AbstractJdbc4Connection.<init>(AbstractJdbc4Connection.java:30)
	at org.postgresql.jdbc4.Jdbc4Connection.<init>(Jdbc4Connection.java:24)
	at org.postgresql.Driver.makeConnection(Driver.java:393)
	at org.postgresql.Driver.connect(Driver.java:267)
	at org.apache.commons.dbcp.DriverConnectionFactory.createConnection(DriverConnectionFactory.java:38)
	at org.apache.commons.dbcp.PoolableConnectionFactory.makeObject(PoolableConnectionFactory.java:294)
	at org.apache.commons.dbcp.BasicDataSource.validateConnectionFactory(BasicDataSource.java:1247)
	at org.apache.commons.dbcp.BasicDataSource.createDataSource(BasicDataSource.java:1221)
	... 20 more
Caused by: java.net.ConnectException: Connection timed out: connect
	at java.net.DualStackPlainSocketImpl.connect0(Native Method)
	at java.net.DualStackPlainSocketImpl.socketConnect(Unknown Source)
	at java.net.AbstractPlainSocketImpl.doConnect(Unknown Source)
	at java.net.AbstractPlainSocketImpl.connectToAddress(Unknown Source)
	at java.net.AbstractPlainSocketImpl.connect(Unknown Source)
	at java.net.PlainSocketImpl.connect(Unknown Source)
	at java.net.SocksSocketImpl.connect(Unknown Source)
	at java.net.Socket.connect(Unknown Source)
	at java.net.Socket.connect(Unknown Source)
	at java.net.Socket.<init>(Unknown Source)
	at java.net.Socket.<init>(Unknown Source)
	at org.postgresql.core.PGStream.<init>(PGStream.java:62)
	at org.postgresql.core.v3.ConnectionFactoryImpl.openConnectionImpl(ConnectionFactoryImpl.java:76)
	... 32 more
15:02:13 16.09.2015 ERROR SQL_Statement  DropTableIfExists:120 - drop table failed
java.lang.NullPointerException
	at com.softserve.tc.diary.SQL_Statement.DropTableIfExists(SQL_Statement.java:116)
	at com.softserve.tc.diary.TestTagDAO.tearDownAfterClass(TestTagDAO.java:43)
	at sun.reflect.NativeMethodAccessorImpl.invoke0(Native Method)
	at sun.reflect.NativeMethodAccessorImpl.invoke(Unknown Source)
	at sun.reflect.DelegatingMethodAccessorImpl.invoke(Unknown Source)
	at java.lang.reflect.Method.invoke(Unknown Source)
	at org.junit.runners.model.FrameworkMethod$1.runReflectiveCall(FrameworkMethod.java:50)
	at org.junit.internal.runners.model.ReflectiveCallable.run(ReflectiveCallable.java:12)
	at org.junit.runners.model.FrameworkMethod.invokeExplosively(FrameworkMethod.java:47)
	at org.junit.internal.runners.statements.RunAfters.evaluate(RunAfters.java:33)
	at org.junit.runners.ParentRunner.run(ParentRunner.java:363)
	at org.eclipse.jdt.internal.junit4.runner.JUnit4TestReference.run(JUnit4TestReference.java:86)
	at org.eclipse.jdt.internal.junit.runner.TestExecution.run(TestExecution.java:38)
	at org.eclipse.jdt.internal.junit.runner.RemoteTestRunner.runTests(RemoteTestRunner.java:459)
	at org.eclipse.jdt.internal.junit.runner.RemoteTestRunner.runTests(RemoteTestRunner.java:670)
	at org.eclipse.jdt.internal.junit.runner.RemoteTestRunner.run(RemoteTestRunner.java:382)
	at org.eclipse.jdt.internal.junit.runner.RemoteTestRunner.main(RemoteTestRunner.java:192)
15:04:48 16.09.2015 ERROR SQL_Statement  setUpBeforeClass:56 - connection failed
org.apache.commons.dbcp.SQLNestedException: Cannot create JDBC driver of class 'org.postgresql.Driver' for connect URL 'jdbc:postgresql://adminiblnfma:sNNvjjyGPz5G@127.11.237.2:5432:5432/jenkins'
	at org.apache.commons.dbcp.BasicDataSource.createDataSource(BasicDataSource.java:1150)
	at org.apache.commons.dbcp.BasicDataSource.getConnection(BasicDataSource.java:880)
	at com.softserve.tc.diary.ConnectManager.getConnectionToTestDB(ConnectManager.java:34)
	at com.softserve.tc.diary.SQL_Statement.setUpBeforeClass(SQL_Statement.java:51)
	at com.softserve.tc.diary.TestTagDAO.setUpBeforeClass(TestTagDAO.java:28)
	at sun.reflect.NativeMethodAccessorImpl.invoke0(Native Method)
	at sun.reflect.NativeMethodAccessorImpl.invoke(Unknown Source)
	at sun.reflect.DelegatingMethodAccessorImpl.invoke(Unknown Source)
	at java.lang.reflect.Method.invoke(Unknown Source)
	at org.junit.runners.model.FrameworkMethod$1.runReflectiveCall(FrameworkMethod.java:50)
	at org.junit.internal.runners.model.ReflectiveCallable.run(ReflectiveCallable.java:12)
	at org.junit.runners.model.FrameworkMethod.invokeExplosively(FrameworkMethod.java:47)
	at org.junit.internal.runners.statements.RunBefores.evaluate(RunBefores.java:24)
	at org.junit.internal.runners.statements.RunAfters.evaluate(RunAfters.java:27)
	at org.junit.runners.ParentRunner.run(ParentRunner.java:363)
	at org.eclipse.jdt.internal.junit4.runner.JUnit4TestReference.run(JUnit4TestReference.java:86)
	at org.eclipse.jdt.internal.junit.runner.TestExecution.run(TestExecution.java:38)
	at org.eclipse.jdt.internal.junit.runner.RemoteTestRunner.runTests(RemoteTestRunner.java:459)
	at org.eclipse.jdt.internal.junit.runner.RemoteTestRunner.runTests(RemoteTestRunner.java:670)
	at org.eclipse.jdt.internal.junit.runner.RemoteTestRunner.run(RemoteTestRunner.java:382)
	at org.eclipse.jdt.internal.junit.runner.RemoteTestRunner.main(RemoteTestRunner.java:192)
Caused by: java.sql.SQLException: No suitable driver
	at java.sql.DriverManager.getDriver(Unknown Source)
	at org.apache.commons.dbcp.BasicDataSource.createDataSource(BasicDataSource.java:1143)
	... 20 more
15:04:48 16.09.2015 ERROR SQL_Statement  DropTableIfExists:120 - drop table failed
java.lang.NullPointerException
	at com.softserve.tc.diary.SQL_Statement.DropTableIfExists(SQL_Statement.java:116)
	at com.softserve.tc.diary.TestTagDAO.tearDownAfterClass(TestTagDAO.java:43)
	at sun.reflect.NativeMethodAccessorImpl.invoke0(Native Method)
	at sun.reflect.NativeMethodAccessorImpl.invoke(Unknown Source)
	at sun.reflect.DelegatingMethodAccessorImpl.invoke(Unknown Source)
	at java.lang.reflect.Method.invoke(Unknown Source)
	at org.junit.runners.model.FrameworkMethod$1.runReflectiveCall(FrameworkMethod.java:50)
	at org.junit.internal.runners.model.ReflectiveCallable.run(ReflectiveCallable.java:12)
	at org.junit.runners.model.FrameworkMethod.invokeExplosively(FrameworkMethod.java:47)
	at org.junit.internal.runners.statements.RunAfters.evaluate(RunAfters.java:33)
	at org.junit.runners.ParentRunner.run(ParentRunner.java:363)
	at org.eclipse.jdt.internal.junit4.runner.JUnit4TestReference.run(JUnit4TestReference.java:86)
	at org.eclipse.jdt.internal.junit.runner.TestExecution.run(TestExecution.java:38)
	at org.eclipse.jdt.internal.junit.runner.RemoteTestRunner.runTests(RemoteTestRunner.java:459)
	at org.eclipse.jdt.internal.junit.runner.RemoteTestRunner.runTests(RemoteTestRunner.java:670)
	at org.eclipse.jdt.internal.junit.runner.RemoteTestRunner.run(RemoteTestRunner.java:382)
	at org.eclipse.jdt.internal.junit.runner.RemoteTestRunner.main(RemoteTestRunner.java:192)
15:11:26 16.09.2015 ERROR SQL_Statement  setUpBeforeClass:56 - connection failed
org.apache.commons.dbcp.SQLNestedException: Cannot create JDBC driver of class 'org.postgresql.Driver' for connect URL 'postgresql://null:null/jenkins'
	at org.apache.commons.dbcp.BasicDataSource.createDataSource(BasicDataSource.java:1150)
	at org.apache.commons.dbcp.BasicDataSource.getConnection(BasicDataSource.java:880)
	at com.softserve.tc.diary.ConnectManager.getConnectionToTestDB(ConnectManager.java:37)
	at com.softserve.tc.diary.SQL_Statement.setUpBeforeClass(SQL_Statement.java:51)
	at com.softserve.tc.diary.TestTagDAO.setUpBeforeClass(TestTagDAO.java:28)
	at sun.reflect.NativeMethodAccessorImpl.invoke0(Native Method)
	at sun.reflect.NativeMethodAccessorImpl.invoke(Unknown Source)
	at sun.reflect.DelegatingMethodAccessorImpl.invoke(Unknown Source)
	at java.lang.reflect.Method.invoke(Unknown Source)
	at org.junit.runners.model.FrameworkMethod$1.runReflectiveCall(FrameworkMethod.java:50)
	at org.junit.internal.runners.model.ReflectiveCallable.run(ReflectiveCallable.java:12)
	at org.junit.runners.model.FrameworkMethod.invokeExplosively(FrameworkMethod.java:47)
	at org.junit.internal.runners.statements.RunBefores.evaluate(RunBefores.java:24)
	at org.junit.internal.runners.statements.RunAfters.evaluate(RunAfters.java:27)
	at org.junit.runners.ParentRunner.run(ParentRunner.java:363)
	at org.eclipse.jdt.internal.junit4.runner.JUnit4TestReference.run(JUnit4TestReference.java:86)
	at org.eclipse.jdt.internal.junit.runner.TestExecution.run(TestExecution.java:38)
	at org.eclipse.jdt.internal.junit.runner.RemoteTestRunner.runTests(RemoteTestRunner.java:459)
	at org.eclipse.jdt.internal.junit.runner.RemoteTestRunner.runTests(RemoteTestRunner.java:670)
	at org.eclipse.jdt.internal.junit.runner.RemoteTestRunner.run(RemoteTestRunner.java:382)
	at org.eclipse.jdt.internal.junit.runner.RemoteTestRunner.main(RemoteTestRunner.java:192)
Caused by: java.sql.SQLException: No suitable driver
	at java.sql.DriverManager.getDriver(Unknown Source)
	at org.apache.commons.dbcp.BasicDataSource.createDataSource(BasicDataSource.java:1143)
	... 20 more
15:11:26 16.09.2015 ERROR SQL_Statement  DropTableIfExists:120 - drop table failed
java.lang.NullPointerException
	at com.softserve.tc.diary.SQL_Statement.DropTableIfExists(SQL_Statement.java:116)
	at com.softserve.tc.diary.TestTagDAO.tearDownAfterClass(TestTagDAO.java:43)
	at sun.reflect.NativeMethodAccessorImpl.invoke0(Native Method)
	at sun.reflect.NativeMethodAccessorImpl.invoke(Unknown Source)
	at sun.reflect.DelegatingMethodAccessorImpl.invoke(Unknown Source)
	at java.lang.reflect.Method.invoke(Unknown Source)
	at org.junit.runners.model.FrameworkMethod$1.runReflectiveCall(FrameworkMethod.java:50)
	at org.junit.internal.runners.model.ReflectiveCallable.run(ReflectiveCallable.java:12)
	at org.junit.runners.model.FrameworkMethod.invokeExplosively(FrameworkMethod.java:47)
	at org.junit.internal.runners.statements.RunAfters.evaluate(RunAfters.java:33)
	at org.junit.runners.ParentRunner.run(ParentRunner.java:363)
	at org.eclipse.jdt.internal.junit4.runner.JUnit4TestReference.run(JUnit4TestReference.java:86)
	at org.eclipse.jdt.internal.junit.runner.TestExecution.run(TestExecution.java:38)
	at org.eclipse.jdt.internal.junit.runner.RemoteTestRunner.runTests(RemoteTestRunner.java:459)
	at org.eclipse.jdt.internal.junit.runner.RemoteTestRunner.runTests(RemoteTestRunner.java:670)
	at org.eclipse.jdt.internal.junit.runner.RemoteTestRunner.run(RemoteTestRunner.java:382)
	at org.eclipse.jdt.internal.junit.runner.RemoteTestRunner.main(RemoteTestRunner.java:192)
15:26:45 16.09.2015 ERROR SQL_Statement  setUpBeforeClass:56 - connection failed
org.apache.commons.dbcp.SQLNestedException: Cannot create PoolableConnectionFactory (FATAL: password authentication failed for user "adminiblnfma")
	at org.apache.commons.dbcp.BasicDataSource.createDataSource(BasicDataSource.java:1225)
	at org.apache.commons.dbcp.BasicDataSource.getConnection(BasicDataSource.java:880)
	at com.softserve.tc.diary.ConnectManager.getConnectionToTestDB(ConnectManager.java:37)
	at com.softserve.tc.diary.SQL_Statement.setUpBeforeClass(SQL_Statement.java:51)
	at com.softserve.tc.diary.TestTagDAO.setUpBeforeClass(TestTagDAO.java:28)
	at sun.reflect.NativeMethodAccessorImpl.invoke0(Native Method)
	at sun.reflect.NativeMethodAccessorImpl.invoke(Unknown Source)
	at sun.reflect.DelegatingMethodAccessorImpl.invoke(Unknown Source)
	at java.lang.reflect.Method.invoke(Unknown Source)
	at org.junit.runners.model.FrameworkMethod$1.runReflectiveCall(FrameworkMethod.java:50)
	at org.junit.internal.runners.model.ReflectiveCallable.run(ReflectiveCallable.java:12)
	at org.junit.runners.model.FrameworkMethod.invokeExplosively(FrameworkMethod.java:47)
	at org.junit.internal.runners.statements.RunBefores.evaluate(RunBefores.java:24)
	at org.junit.internal.runners.statements.RunAfters.evaluate(RunAfters.java:27)
	at org.junit.runners.ParentRunner.run(ParentRunner.java:363)
	at org.eclipse.jdt.internal.junit4.runner.JUnit4TestReference.run(JUnit4TestReference.java:86)
	at org.eclipse.jdt.internal.junit.runner.TestExecution.run(TestExecution.java:38)
	at org.eclipse.jdt.internal.junit.runner.RemoteTestRunner.runTests(RemoteTestRunner.java:459)
	at org.eclipse.jdt.internal.junit.runner.RemoteTestRunner.runTests(RemoteTestRunner.java:670)
	at org.eclipse.jdt.internal.junit.runner.RemoteTestRunner.run(RemoteTestRunner.java:382)
	at org.eclipse.jdt.internal.junit.runner.RemoteTestRunner.main(RemoteTestRunner.java:192)
Caused by: org.postgresql.util.PSQLException: FATAL: password authentication failed for user "adminiblnfma"
	at org.postgresql.core.v3.ConnectionFactoryImpl.doAuthentication(ConnectionFactoryImpl.java:291)
	at org.postgresql.core.v3.ConnectionFactoryImpl.openConnectionImpl(ConnectionFactoryImpl.java:108)
	at org.postgresql.core.ConnectionFactory.openConnection(ConnectionFactory.java:66)
	at org.postgresql.jdbc2.AbstractJdbc2Connection.<init>(AbstractJdbc2Connection.java:125)
	at org.postgresql.jdbc3.AbstractJdbc3Connection.<init>(AbstractJdbc3Connection.java:30)
	at org.postgresql.jdbc3g.AbstractJdbc3gConnection.<init>(AbstractJdbc3gConnection.java:22)
	at org.postgresql.jdbc4.AbstractJdbc4Connection.<init>(AbstractJdbc4Connection.java:30)
	at org.postgresql.jdbc4.Jdbc4Connection.<init>(Jdbc4Connection.java:24)
	at org.postgresql.Driver.makeConnection(Driver.java:393)
	at org.postgresql.Driver.connect(Driver.java:267)
	at org.apache.commons.dbcp.DriverConnectionFactory.createConnection(DriverConnectionFactory.java:38)
	at org.apache.commons.dbcp.PoolableConnectionFactory.makeObject(PoolableConnectionFactory.java:294)
	at org.apache.commons.dbcp.BasicDataSource.validateConnectionFactory(BasicDataSource.java:1247)
	at org.apache.commons.dbcp.BasicDataSource.createDataSource(BasicDataSource.java:1221)
	... 20 more
15:26:45 16.09.2015 ERROR SQL_Statement  DropTableIfExists:120 - drop table failed
java.lang.NullPointerException
	at com.softserve.tc.diary.SQL_Statement.DropTableIfExists(SQL_Statement.java:116)
	at com.softserve.tc.diary.TestTagDAO.tearDownAfterClass(TestTagDAO.java:43)
	at sun.reflect.NativeMethodAccessorImpl.invoke0(Native Method)
	at sun.reflect.NativeMethodAccessorImpl.invoke(Unknown Source)
	at sun.reflect.DelegatingMethodAccessorImpl.invoke(Unknown Source)
	at java.lang.reflect.Method.invoke(Unknown Source)
	at org.junit.runners.model.FrameworkMethod$1.runReflectiveCall(FrameworkMethod.java:50)
	at org.junit.internal.runners.model.ReflectiveCallable.run(ReflectiveCallable.java:12)
	at org.junit.runners.model.FrameworkMethod.invokeExplosively(FrameworkMethod.java:47)
	at org.junit.internal.runners.statements.RunAfters.evaluate(RunAfters.java:33)
	at org.junit.runners.ParentRunner.run(ParentRunner.java:363)
	at org.eclipse.jdt.internal.junit4.runner.JUnit4TestReference.run(JUnit4TestReference.java:86)
	at org.eclipse.jdt.internal.junit.runner.TestExecution.run(TestExecution.java:38)
	at org.eclipse.jdt.internal.junit.runner.RemoteTestRunner.runTests(RemoteTestRunner.java:459)
	at org.eclipse.jdt.internal.junit.runner.RemoteTestRunner.runTests(RemoteTestRunner.java:670)
	at org.eclipse.jdt.internal.junit.runner.RemoteTestRunner.run(RemoteTestRunner.java:382)
	at org.eclipse.jdt.internal.junit.runner.RemoteTestRunner.main(RemoteTestRunner.java:192)
15:35:50 16.09.2015 ERROR SQL_Statement  setUpBeforeClass:56 - connection failed
org.apache.commons.dbcp.SQLNestedException: Cannot create PoolableConnectionFactory (FATAL: database "jenkins" does not exist)
	at org.apache.commons.dbcp.BasicDataSource.createDataSource(BasicDataSource.java:1225)
	at org.apache.commons.dbcp.BasicDataSource.getConnection(BasicDataSource.java:880)
	at com.softserve.tc.diary.ConnectManager.getConnectionToTestDB(ConnectManager.java:37)
	at com.softserve.tc.diary.SQL_Statement.setUpBeforeClass(SQL_Statement.java:51)
	at com.softserve.tc.diary.TestTagDAO.setUpBeforeClass(TestTagDAO.java:28)
	at sun.reflect.NativeMethodAccessorImpl.invoke0(Native Method)
	at sun.reflect.NativeMethodAccessorImpl.invoke(Unknown Source)
	at sun.reflect.DelegatingMethodAccessorImpl.invoke(Unknown Source)
	at java.lang.reflect.Method.invoke(Unknown Source)
	at org.junit.runners.model.FrameworkMethod$1.runReflectiveCall(FrameworkMethod.java:50)
	at org.junit.internal.runners.model.ReflectiveCallable.run(ReflectiveCallable.java:12)
	at org.junit.runners.model.FrameworkMethod.invokeExplosively(FrameworkMethod.java:47)
	at org.junit.internal.runners.statements.RunBefores.evaluate(RunBefores.java:24)
	at org.junit.internal.runners.statements.RunAfters.evaluate(RunAfters.java:27)
	at org.junit.runners.ParentRunner.run(ParentRunner.java:363)
	at org.eclipse.jdt.internal.junit4.runner.JUnit4TestReference.run(JUnit4TestReference.java:86)
	at org.eclipse.jdt.internal.junit.runner.TestExecution.run(TestExecution.java:38)
	at org.eclipse.jdt.internal.junit.runner.RemoteTestRunner.runTests(RemoteTestRunner.java:459)
	at org.eclipse.jdt.internal.junit.runner.RemoteTestRunner.runTests(RemoteTestRunner.java:670)
	at org.eclipse.jdt.internal.junit.runner.RemoteTestRunner.run(RemoteTestRunner.java:382)
	at org.eclipse.jdt.internal.junit.runner.RemoteTestRunner.main(RemoteTestRunner.java:192)
Caused by: org.postgresql.util.PSQLException: FATAL: database "jenkins" does not exist
	at org.postgresql.core.v3.ConnectionFactoryImpl.readStartupMessages(ConnectionFactoryImpl.java:469)
	at org.postgresql.core.v3.ConnectionFactoryImpl.openConnectionImpl(ConnectionFactoryImpl.java:112)
	at org.postgresql.core.ConnectionFactory.openConnection(ConnectionFactory.java:66)
	at org.postgresql.jdbc2.AbstractJdbc2Connection.<init>(AbstractJdbc2Connection.java:125)
	at org.postgresql.jdbc3.AbstractJdbc3Connection.<init>(AbstractJdbc3Connection.java:30)
	at org.postgresql.jdbc3g.AbstractJdbc3gConnection.<init>(AbstractJdbc3gConnection.java:22)
	at org.postgresql.jdbc4.AbstractJdbc4Connection.<init>(AbstractJdbc4Connection.java:30)
	at org.postgresql.jdbc4.Jdbc4Connection.<init>(Jdbc4Connection.java:24)
	at org.postgresql.Driver.makeConnection(Driver.java:393)
	at org.postgresql.Driver.connect(Driver.java:267)
	at org.apache.commons.dbcp.DriverConnectionFactory.createConnection(DriverConnectionFactory.java:38)
	at org.apache.commons.dbcp.PoolableConnectionFactory.makeObject(PoolableConnectionFactory.java:294)
	at org.apache.commons.dbcp.BasicDataSource.validateConnectionFactory(BasicDataSource.java:1247)
	at org.apache.commons.dbcp.BasicDataSource.createDataSource(BasicDataSource.java:1221)
	... 20 more
15:35:50 16.09.2015 ERROR SQL_Statement  DropTableIfExists:120 - drop table failed
java.lang.NullPointerException
	at com.softserve.tc.diary.SQL_Statement.DropTableIfExists(SQL_Statement.java:116)
	at com.softserve.tc.diary.TestTagDAO.tearDownAfterClass(TestTagDAO.java:43)
	at sun.reflect.NativeMethodAccessorImpl.invoke0(Native Method)
	at sun.reflect.NativeMethodAccessorImpl.invoke(Unknown Source)
	at sun.reflect.DelegatingMethodAccessorImpl.invoke(Unknown Source)
	at java.lang.reflect.Method.invoke(Unknown Source)
	at org.junit.runners.model.FrameworkMethod$1.runReflectiveCall(FrameworkMethod.java:50)
	at org.junit.internal.runners.model.ReflectiveCallable.run(ReflectiveCallable.java:12)
	at org.junit.runners.model.FrameworkMethod.invokeExplosively(FrameworkMethod.java:47)
	at org.junit.internal.runners.statements.RunAfters.evaluate(RunAfters.java:33)
	at org.junit.runners.ParentRunner.run(ParentRunner.java:363)
	at org.eclipse.jdt.internal.junit4.runner.JUnit4TestReference.run(JUnit4TestReference.java:86)
	at org.eclipse.jdt.internal.junit.runner.TestExecution.run(TestExecution.java:38)
	at org.eclipse.jdt.internal.junit.runner.RemoteTestRunner.runTests(RemoteTestRunner.java:459)
	at org.eclipse.jdt.internal.junit.runner.RemoteTestRunner.runTests(RemoteTestRunner.java:670)
	at org.eclipse.jdt.internal.junit.runner.RemoteTestRunner.run(RemoteTestRunner.java:382)
	at org.eclipse.jdt.internal.junit.runner.RemoteTestRunner.main(RemoteTestRunner.java:192)
15:37:56 16.09.2015 INFO  SQL_Statement  setUpBeforeClass:61 - Connected to database!
15:37:57 16.09.2015 INFO  TestTagDAO  testCreateFromRecord:119 - test create from record
15:37:57 16.09.2015 INFO  TestTagDAO  testReadByKey:144 - test read by key
15:37:57 16.09.2015 INFO  TestTagDAO  testDeleteFromtagRecord:164 - test delete from tag_record
15:37:57 16.09.2015 INFO  TestTagDAO  testGetListTagsByPrefix:195 - test get list tags by prefix
15:37:57 16.09.2015 INFO  TestTagDAO  testGetListTagsBySuffix:204 - test get list tags by suffix
15:37:57 16.09.2015 INFO  TestTagDAO  testCheckIfTagAlreadyExist:131 - test check if tag already exist
15:37:57 16.09.2015 INFO  TestTagDAO  testDeleteTag:174 - test delete tag
15:37:57 16.09.2015 WARN  TagDAOImpl  create:53 - Tag already exist
15:37:57 16.09.2015 INFO  TestTagDAO  testCreateTag:81 - test create tag
15:37:57 16.09.2015 INFO  TestTagDAO  testGetAll:212 - test get all
15:37:57 16.09.2015 INFO  TestTagDAO  testGetListRecordByTag:221 - test get list record by tag
15:37:57 16.09.2015 INFO  TestTagDAO  testCheckIfRecordHasTag:186 - test check if record has tag
15:37:57 16.09.2015 INFO  TestTagDAO  testGetTagByMessage:56 - test get tag by message
15:38:51 16.09.2015 INFO  SQL_Statement  setUpBeforeClass:61 - Connected to database!
15:38:51 16.09.2015 INFO  TestTagDAO  testCreateFromRecord:119 - test create from record
15:38:51 16.09.2015 INFO  TestTagDAO  testReadByKey:144 - test read by key
15:38:51 16.09.2015 INFO  TestTagDAO  testDeleteFromtagRecord:164 - test delete from tag_record
15:38:51 16.09.2015 INFO  TestTagDAO  testGetListTagsByPrefix:195 - test get list tags by prefix
15:38:51 16.09.2015 INFO  TestTagDAO  testGetListTagsBySuffix:204 - test get list tags by suffix
15:38:51 16.09.2015 INFO  TestTagDAO  testCheckIfTagAlreadyExist:131 - test check if tag already exist
15:38:51 16.09.2015 INFO  TestTagDAO  testDeleteTag:174 - test delete tag
15:38:51 16.09.2015 WARN  TagDAOImpl  create:53 - Tag already exist
15:38:51 16.09.2015 INFO  TestTagDAO  testCreateTag:81 - test create tag
15:38:51 16.09.2015 INFO  TestTagDAO  testGetAll:212 - test get all
15:38:51 16.09.2015 INFO  TestTagDAO  testGetListRecordByTag:221 - test get list record by tag
15:38:51 16.09.2015 INFO  TestTagDAO  testCheckIfRecordHasTag:186 - test check if record has tag
15:38:51 16.09.2015 INFO  TestTagDAO  testGetTagByMessage:56 - test get tag by message
15:40:55 16.09.2015 INFO  SQL_Statement  setUpBeforeClass:61 - Connected to database!
15:40:55 16.09.2015 DEBUG RecordDAOImpl  create:36 - creating record
15:40:55 16.09.2015 DEBUG RecordDAOImpl  create:54 - record created
15:40:55 16.09.2015 INFO  TestRecordDAO  testCreateRecord:83 - Test create record
15:40:55 16.09.2015 DEBUG RecordDAOImpl  create:36 - creating record
15:40:55 16.09.2015 DEBUG RecordDAOImpl  create:54 - record created
15:40:55 16.09.2015 DEBUG RecordDAOImpl  delete:99 - deleting record
15:40:56 16.09.2015 DEBUG RecordDAOImpl  delete:117 - record deleted
15:40:56 16.09.2015 INFO  TestRecordDAO  TestDeleteRecord:149 - test delete record
15:40:56 16.09.2015 DEBUG RecordDAOImpl  update:78 - updating record
15:40:56 16.09.2015 DEBUG RecordDAOImpl  update:92 - record updated
15:40:56 16.09.2015 INFO  TestRecordDAO  testUpdateRecord:129 - test update record
15:40:56 16.09.2015 INFO  TestRecordDAO  testGetAll:137 - test get all
15:40:56 16.09.2015 INFO  SQL_Statement  setUpBeforeClass:61 - Connected to database!
15:40:56 16.09.2015 INFO  TestTagDAO  testCreateFromRecord:119 - test create from record
15:40:56 16.09.2015 INFO  TestTagDAO  testReadByKey:144 - test read by key
15:40:56 16.09.2015 INFO  TestTagDAO  testDeleteFromtagRecord:164 - test delete from tag_record
15:40:56 16.09.2015 INFO  TestTagDAO  testGetListTagsByPrefix:195 - test get list tags by prefix
15:40:56 16.09.2015 INFO  TestTagDAO  testGetListTagsBySuffix:204 - test get list tags by suffix
15:40:56 16.09.2015 INFO  TestTagDAO  testCheckIfTagAlreadyExist:131 - test check if tag already exist
15:40:57 16.09.2015 INFO  TestTagDAO  testDeleteTag:174 - test delete tag
15:40:57 16.09.2015 WARN  TagDAOImpl  create:53 - Tag already exist
15:40:57 16.09.2015 INFO  TestTagDAO  testCreateTag:81 - test create tag
15:40:57 16.09.2015 INFO  TestTagDAO  testGetAll:212 - test get all
15:40:57 16.09.2015 INFO  TestTagDAO  testGetListRecordByTag:221 - test get list record by tag
15:40:57 16.09.2015 INFO  TestTagDAO  testCheckIfRecordHasTag:186 - test check if record has tag
15:40:57 16.09.2015 INFO  TestTagDAO  testGetTagByMessage:56 - test get tag by message
15:40:57 16.09.2015 INFO  SQL_Statement  setUpBeforeClass:61 - Connected to database!
15:40:57 16.09.2015 DEBUG RoleDAOImpl  update:66 - updating role
15:40:57 16.09.2015 DEBUG RoleDAOImpl  update:73 - role updated
15:40:57 16.09.2015 INFO  TestRoleDAO  testUpdateRole:93 - test update role
15:40:57 16.09.2015 DEBUG RoleDAOImpl  create:34 - Creating role
15:40:57 16.09.2015 DEBUG RoleDAOImpl  create:40 - Role created
15:40:57 16.09.2015 INFO  TestRoleDAO  testCreateRole:59 - Test create role
15:40:57 16.09.2015 DEBUG RoleDAOImpl  delete:81 - deleting role
15:40:57 16.09.2015 DEBUG RoleDAOImpl  delete:87 - role deleted
15:40:57 16.09.2015 DEBUG RoleDAOImpl  readByKey:49 - read by key
15:40:57 16.09.2015 INFO  TestRoleDAO  testDeleteRole:129 - test delete role
15:40:57 16.09.2015 DEBUG RoleDAOImpl  create:34 - Creating role
15:40:57 16.09.2015 DEBUG RoleDAOImpl  create:40 - Role created
15:40:57 16.09.2015 DEBUG RoleDAOImpl  getAll:95 - Get all role records
15:40:58 16.09.2015 INFO  TestRoleDAO  testGetAll:140 - test getAll
15:40:58 16.09.2015 INFO  SQL_Statement  setUpBeforeClass:61 - Connected to database!
15:40:58 16.09.2015 INFO  TestUserDAO  testUpdateUser:132 - test update user
15:40:58 16.09.2015 ERROR UserDAOImpl  create:50 - You not enter nickname, e-mail or role
15:40:58 16.09.2015 INFO  TestUserDAO  testGetByNickName:180 - test get by nickname
15:40:58 16.09.2015 INFO  TestUserDAO  testCreateUser:82 - test create user
15:40:59 16.09.2015 INFO  TestUserDAO  testDeleteUser:143 - test delete user
15:40:59 16.09.2015 INFO  TestUserDAO  testGetAll:155 - test get all
15:41:00 16.09.2015 INFO  SQL_Statement  setUpBeforeClass:61 - Connected to database!
15:41:00 16.09.2015 DEBUG AddressDAOImpl  create:24 - Creating address
15:41:00 16.09.2015 DEBUG AddressDAOImpl  create:36 - Address created
15:41:00 16.09.2015 INFO  TestAddressDAO  testCreateAddress:60 - Test create address
15:41:00 16.09.2015 DEBUG AddressDAOImpl  create:24 - Creating address
15:41:00 16.09.2015 DEBUG AddressDAOImpl  create:36 - Address created
15:41:00 16.09.2015 DEBUG AddressDAOImpl  getAll:90 - Get all address records
15:41:00 16.09.2015 INFO  TestAddressDAO  TestGetAll:119 - Test getAll
15:41:00 16.09.2015 DEBUG AddressDAOImpl  update:61 - Updating address
15:41:01 16.09.2015 DEBUG AddressDAOImpl  update:69 - Address updated
15:41:01 16.09.2015 INFO  TestAddressDAO  testUpdateAddress:98 - Test update address
15:41:01 16.09.2015 DEBUG AddressDAOImpl  create:24 - Creating address
15:41:01 16.09.2015 DEBUG AddressDAOImpl  create:36 - Address created
15:41:01 16.09.2015 DEBUG AddressDAOImpl  delete:77 - Deleting address
15:41:01 16.09.2015 DEBUG AddressDAOImpl  delete:82 - Address deleted
15:41:01 16.09.2015 INFO  TestAddressDAO  TestDeleteAddress:108 - Test delete address
